2020-02-17 14:45:29,859 [art-init] [INFO ] (o.a.w.s.ArtifactoryContextConfigListener:270) - 
                _   _  __           _                     _____
     /\        | | (_)/ _|         | |                   |  __ \
    /  \   _ __| |_ _| |_ __ _  ___| |_ ___  _ __ _   _  | |__) | __ ___
   / /\ \ | '__| __| |  _/ _` |/ __| __/ _ \| '__| | | | |  ___/ '__/ _ \
  / ____ \| |  | |_| | || (_| | (__| || (_) | |  | |_| | | |   | | | (_) |
 /_/    \_\_|   \__|_|_| \__,_|\___|\__\___/|_|   \__, | |_|   |_|  \___/
 Version:  6.17.0                                  __/ |
 Revision: 61700900                               |___/
 Artifactory Home: '/Users/dand/temp/124973/artifactory-pro-6.17.0'

2020-02-17 14:45:30,060 [art-init] [INFO ] (o.a.s.ArtifactoryApplicationContext:519) - Artifactory application context set to NOT READY by refresh
2020-02-17 14:45:37,774 [art-init] [INFO ] (o.a.s.d.DbServiceImpl:282) - Database: Apache Derby 10.14.2.0 - (1828579). Driver: Apache Derby Embedded JDBC Driver 10.14.2.0 - (1828579) Pool: derby
2020-02-17 14:45:37,775 [art-init] [INFO ] (o.a.s.d.DbServiceImpl:285) - Connection URL: jdbc:derby:/Users/dand/temp/124973/artifactory-pro-6.17.0/data/derby
2020-02-17 14:45:37,776 [art-init] [INFO ] (o.a.s.d.DbServiceImpl:119) - ***Creating database schema***
2020-02-17 14:45:38,476 [art-init] [INFO ] (o.a.s.d.DbServiceImpl:126) - ***Database schema created***
2020-02-17 14:45:38,483 [art-init] [INFO ] (o.a.s.d.v.DerbyValidator:26) - Validating connection collation for derby database
2020-02-17 14:45:42,462 [art-init] [INFO ] (o.a.e.p.s.NodeEventPrioritiesStorageServiceFactory:27) - Initializing DB-based Priorities Storage Service
2020-02-17 14:45:45,050 [art-init] [INFO ] (o.a.s.ArtifactorySchedulerFactoryBean:726) - Starting Quartz Scheduler now
2020-02-17 14:45:45,199 [art-init] [INFO ] (o.a.s.ArtifactoryApplicationContext:265) - Artifactory context starting up 57 Spring Beans...
2020-02-17 14:45:45,216 [art-init] [INFO ] (o.a.c.CentralConfigServiceImpl:289) - Loading bootstrap configuration (artifactory home dir is /Users/dand/temp/124973/artifactory-pro-6.17.0).
2020-02-17 14:45:45,574 [art-init] [ERROR] (o.a.c.CentralConfigServiceImpl:755) - Could not load configuration due to: No config file exist in DB
2020-02-17 14:45:45,694 [art-init] [INFO ] (o.a.s.a.AccessServiceImpl:442) - Initialized new service id: jfrt@01e19jxqtwe5w01gvkb60r1y9m
2020-02-17 14:45:45,790 [art-init] [INFO ] (o.a.s.a.ArtifactoryAccessClientConfigStore:625) - Using Access Server URL: http://localhost:8040/access (bundled) source: detected
2020-02-17 14:45:45,833 [art-init] [INFO ] (o.a.s.a.AccessServiceImpl:387) - Waiting for access server...
2020-02-17 14:45:47,382 [art-init] [INFO ] (o.a.s.a.AccessServiceImpl:394) - Got response from Access server after 1548 ms, continuing.
2020-02-17 14:45:47,546 [art-init] [INFO ] (o.j.a.c.AccessClientBootstrap:118) - creating access token with join key
2020-02-17 14:45:48,138 [art-init] [INFO ] (o.j.a.c.AccessClientBootstrap:268) - replacing credentials in accessClient with token from 'join'
2020-02-17 14:45:48,179 [art-init] [INFO ] (o.a.s.a.AccessServiceImpl:344) - Initialized access service successfully with client id 559099134, closing old client id [null]
2020-02-17 14:45:48,180 [art-init] [INFO ] (o.a.s.a.AccessServiceImpl:1278) - Updating access configuration with password expiration data
2020-02-17 14:45:48,571 [art-init] [INFO ] (o.j.a.c.AccessClientImpl:288) - grpc info retrieved from Access server: localhost:8045, using: localhost:8045
2020-02-17 14:45:48,703 [art-init] [INFO ] (o.a.i.InfoWriter    :49) - 

 SYSTEM INFORMATION DUMP
 =======================

 System Info
 ========================
   sun.boot.class.path                                                   | /Library/Java/JavaVirtualMachines/jdk1.8.0_191.jdk/Contents/Home/jre/lib/resources.jar
                                                                         | /Library/Java/JavaVirtualMachines/jdk1.8.0_191.jdk/Contents/Home/jre/lib/rt.jar
                                                                         | /Library/Java/JavaVirtualMachines/jdk1.8.0_191.jdk/Contents/Home/jre/lib/sunrsasign.jar
                                                                         | /Library/Java/JavaVirtualMachines/jdk1.8.0_191.jdk/Contents/Home/jre/lib/jsse.jar
                                                                         | /Library/Java/JavaVirtualMachines/jdk1.8.0_191.jdk/Contents/Home/jre/lib/jce.jar
                                                                         | /Library/Java/JavaVirtualMachines/jdk1.8.0_191.jdk/Contents/Home/jre/lib/charsets.jar
                                                                         | /Library/Java/JavaVirtualMachines/jdk1.8.0_191.jdk/Contents/Home/jre/lib/jfr.jar
                                                                         | /Library/Java/JavaVirtualMachines/jdk1.8.0_191.jdk/Contents/Home/jre/classes
   java.library.path                                                     | /Users/dand/Library/Java/Extensions:/Library/Java/Extensions:/Network/Library/Java/Extensions:/System/Library/Java/Extensions:/usr/lib/java:.
   java.endorsed.dirs                                                    | /Library/Java/JavaVirtualMachines/jdk1.8.0_191.jdk/Contents/Home/jre/lib/endorsed
   java.ext.dirs                                                         | /Users/dand/Library/Java/Extensions:/Library/Java/JavaVirtualMachines/jdk1.8.0_191.jdk/Contents/Home/jre/lib/ext:/Library/Java/Extensions:/Network/Library/Java/Extensions:/System/Library/Java/Extensions:/usr/lib/java
   java.class.path                                                       | /Users/dand/temp/124973/artifactory-pro-6.17.0/tomcat/bin/bootstrap.jar
                                                                         | /Users/dand/temp/124973/artifactory-pro-6.17.0/tomcat/bin/tomcat-juli.jar

 Java System Info
 ========================
   java.class.version                                                    | 52.0
   java.home                                                             | /Library/Java/JavaVirtualMachines/jdk1.8.0_191.jdk/Contents/Home/jre
   java.io.tmpdir                                                        | /Users/dand/temp/124973/artifactory-pro-6.17.0/tomcat/temp
   java.runtime.name                                                     | Java(TM) SE Runtime Environment
   java.runtime.version                                                  | 1.8.0_191-b12
   java.specification.name                                               | Java Platform API Specification
   java.specification.vendor                                             | Oracle Corporation
   java.specification.version                                            | 1.8
   java.vendor                                                           | Oracle Corporation
   java.vendor.url                                                       | http://java.oracle.com/
   java.vendor.url.bug                                                   | http://bugreport.sun.com/bugreport/
   java.version                                                          | 1.8.0_191
   java.vm.info                                                          | mixed mode
   java.vm.name                                                          | Java HotSpot(TM) 64-Bit Server VM
   java.vm.specification.name                                            | Java Virtual Machine Specification
   java.vm.specification.vendor                                          | Oracle Corporation
   java.vm.specification.version                                         | 1.8
   java.vm.vendor                                                        | Oracle Corporation
   java.vm.version                                                       | 25.191-b12
   sun.arch.data.model                                                   | 64
   sun.boot.library.path                                                 | /Library/Java/JavaVirtualMachines/jdk1.8.0_191.jdk/Contents/Home/jre/lib
   sun.cpu.endian                                                        | little
   sun.cpu.isalist                                                       | 
   sun.io.unicode.encoding                                               | UnicodeBig
   sun.java.launcher                                                     | SUN_STANDARD
   sun.jnu.encoding                                                      | UTF-8
   sun.management.compiler                                               | HotSpot 64-Bit Tiered Compilers
   sun.os.patch.level                                                    | unknown
   JVM Input arguments                                                   | -Djava.util.logging.config.file=/Users/dand/temp/124973/artifactory-pro-6.17.0/tomcat/conf/logging.properties
                                                                         | -Djava.util.logging.manager=org.apache.juli.ClassLoaderLogManager
                                                                         | -Djdk.tls.ephemeralDHKeySize=****
                                                                         | -Djava.protocol.handler.pkgs=org.apache.catalina.webresources
                                                                         | -Dorg.apache.catalina.security.SecurityListener.UMASK=0027
                                                                         | -Xms512m
                                                                         | -Xmx2g
                                                                         | -Xss256k
                                                                         | -XX:+UseG1GC
                                                                         | -XX:OnOutOfMemoryError=kill -9 %p
                                                                         | -Djruby.bytecode.version=1.8
                                                                         | -Djruby.compile.invokedynamic=false
                                                                         | -Dfile.encoding=UTF8
                                                                         | -Dartdist=zip
                                                                         | -Dorg.apache.tomcat.util.buf.UDecoder.ALLOW_ENCODED_SLASH=true
                                                                         | -Djava.security.egd=file:/dev/./urandom
                                                                         | -Dartifactory.home=/Users/dand/temp/124973/artifactory-pro-6.17.0
                                                                         | -Dfile.encoding=UTF8
                                                                         | -Djruby.bytecode.version=1.8
                                                                         | -Djruby.compile.invokedynamic=false
                                                                         | -Djfrog.join.key.paths=**********************************************
                                                                         | -Dignore.endorsed.dirs=
                                                                         | -Dcatalina.base=/Users/dand/temp/124973/artifactory-pro-6.17.0/tomcat
                                                                         | -Dcatalina.home=/Users/dand/temp/124973/artifactory-pro-6.17.0/tomcat
                                                                         | -Djava.io.tmpdir=/Users/dand/temp/124973/artifactory-pro-6.17.0/tomcat/temp

 User Info
 ========================
   user.country                                                          | IL
   user.dir                                                              | /Users/dand/temp/124973/artifactory-pro-6.17.0/bin
   user.home                                                             | /Users/dand
   user.language                                                         | en
   user.name                                                             | dand
   user.timezone                                                         | Asia/Jerusalem

 Host Info
 ========================
   Available Processors                                                  | 8
   Heap Memory Usage-Commited                                            | 536870912
   Heap Memory Usage-Init                                                | 536870912
   Heap Memory Usage-Max                                                 | 2147483648
   Heap Memory Usage-Used                                                | 251534320
   Non-Heap Memory Usage-Commited                                        | 207749120
   Non-Heap Memory Usage-Init                                            | 2555904
   Non-Heap Memory Usage-Max                                             | -1
   Non-Heap Memory Usage-Used                                            | 197298856
   os.arch                                                               | x86_64
   os.name                                                               | Mac OS X
   os.version                                                            | 10.12.6

 Artifactory Info
 ========================
   artifactory.runMode.test                                              | false
   artifactory.runMode.qa                                                | false
   artifactory.runMode.dev                                               | false
   artifactory.runMode.devHa                                             | false
   artifactory.version                                                   | 6.17.0
   artifactory.revision                                                  | 61700900
   artifactory.buildNumber                                               | 3640
   artifactory.timestamp                                                 | 1578567031468
   artifactory.context.path                                              | /artifactory
   artifactory.access.context.path                                       | /access
   artifactory.servlet.supportUrlSessionTracking                         | false
   artifactory.addons.disabled                                           | 
   artifactory.addons.info.url                                           | http://service.jfrog.org/artifactory/addons/info/%s
   artifactory.addons.info.url                                           | http://www.jfrog.com/confluence/display/RTF/%s
   artifactory.jcr.addons.info.url                                       | http://www.jfrog.com/confluence/display/JCR/%s
   artifactory.async.corePoolSize                                        | 32
   artifactory.async.poolTtlSecs                                         | 60
   artifactory.async.poolMaxQueueSize                                    | 10000
   artifactory.versioningQueryIntervalSecs                               | 7200
   artifactory.logs.viewRefreshRateSecs                                  | 10
   artifactory.locks.timeoutSecs                                         | 120
   artifactory.locks.debugTimeouts                                       | false
   artifactory.task.completionLockTimeoutRetries                         | 100
   artifactory.repo.concurrentDownloadSyncTimeoutSecs                    | 900
   artifactory.repo.downloadStatsEnabled                                 | true
   artifactory.repo.global.disabled                                      | true
   artifactory.fsitem.cache.idleTimeSecs                                 | 1200
   artifactory.docker.tokens.cache.idleTimeSecs                          | 240
   artifactory.artifactory.tokens.cache.idleTimeSecs                     | 600
   artifactory.cacheFS.sync.quietPeriodSecs                              | 900
   artifactory.search.maxResults                                         | 500
   artifactory.search.userQueryLimit                                     | 1000
   artifactory.search.max.list.size                                      | 600
   artifactory.search.userSqlQueryLimit                                  | 2000
   artifactory.search.limitAnonymousUsersOnly                            | true
   artifactory.search.content.maxFragments                               | 500
   artifactory.search.content.maxFragmentsSize                           | 5000
   artifactory.search.archive.minQueryLength                             | 3
   artifactory.search.pattern.timeoutSecs                                | 30
   artifactory.gc.useIndex                                               | false
   artifactory.gc.intervalSecs                                           | 86400
   artifactory.gc.delaySecs                                              | 7200
   artifactory.gc.sleepBetweenNodesMillis                                | 20
   artifactory.gc.scanStartSleepingThresholdMillis                       | 20000
   artifactory.gc.scanSleepBetweenIterationsMillis                       | 200
   artifactory.gc.fileScanSleepIterationMillis                           | 1000
   artifactory.gc.fileScanSleepMillis                                    | 250
   artifactory.gc.maxCacheEntries                                        | 10000
   artifactory.gc.readersMaxTimeSecs                                     | 10800
   artifactory.gc.failCount.threshold                                    | 10
   artifactory.gc.binaries.joinWithNodes                                 | true
   artifactory.gc.numberOfWorkersThreads                                 | 3
   artifactory.gc.skipFullGcBetweenMinorIterations                       | 20
   artifactory.traffic.collectionActive                                  | false
   artifactory.security.authentication.cache.initSize                    | 100
   artifactory.security.authentication.cache.idleTimeSecs                | 300
   artifactory.security.userLastAccessUpdatesResolutionSecs              | 5
   artifactory.security.master.key                                       | ************************
   artifactory.security.master.key.numOfFallbackKeys                     | *
   artifactory.security.disableRememberMe                                | false
   artifactory.security.rememberMe.lifetimeSecs                          | 1209600
   artifactory.security.ldap.forceGroupMemberAttFullDN                   | false
   artifactory.security.ldap.disable.group.search.attributes.limitation  | false
   artifactory.security.ldap.group.policy.cleanOnFail                    | true
   artifactory.security.ldap.group.search.filterThreshold                | 0
   artifactory.security.ldap.group.cacheRetentionSecs                    | 300
   artifactory.ldap.max.page.size                                        | 1000
   artifactory.ldap.paging.support                                       | true
   artifactory.enable.aql.read.committed                                 | false
   artifactory.mvn.central.hostPattern                                   | .maven.org
   artifactory.mvn.central.indexerMaxQueryIntervalSecs                   | 86400
   artifactory.mvn.metadata.plugin.calculation.workers                   | 2
   artifactory.mvn.metadata.calculation.workers                          | 8
   artifactory.mvn.dynamicMetadata.cacheRetentionSecs                    | 10
   artifactory.mvn.metadata.version3.enabled                             | true
   artifactory.mvn.custom.types                                          | tar.gz,tar.bz2
   artifactory.request.disableVersionTokens                              | false
   artifactory.request.searchLatestReleaseByDateCreated                  | false
   artifactory.npm.tag.tagLatestByPublish                                | false
   artifactory.build.maxFoldersToScanForDeletionWarnings                 | 2
   artifactory.build.checksum.cache.idleTimeSecs                         | 300
   artifactory.updates.refreshIntervalSecs                               | 14400
   artifactory.updates.url                                               | http://service.jfrog.org/artifactory/updates
   artifactory.artifactoryRequestsToGlobalCanRetrieveRemoteArtifacts     | false
   artifactory.ui.syntaxColoringMaxTextSizeBytes                         | 512000
   artifactory.plugin.scripts.refreshIntervalSecs                        | 0
   artifactory.plugin.aol.support                                        | false
   artifactory.aol.dedicated.server                                      | false
   artifactory.aol.displayAccountManagementLink                          | true
   artifactory.aol.security.http.sso.enable                              | false
   artifactory.aol.security.anon.access.enable                           | false
   artifactory.aol.indexer.enable                                        | false
   artifactory.ui.session.timeout.minutes                                | 30
   artifactory.file.roller.maxFileToRetain                               | 10
   artifactory.backup.fileExportSleepIterationMillis                     | 2000
   artifactory.backup.fileExportSleepMillis                              | 250
   artifactory.s3.existsCheckAfterAddingStream                           | true
   artifactory.binary.provider.artifacts.existence.cache.expirySecs      | 60
   artifactory.binary.provider.artifacts.existence.cache.size            | 20000
   artifactory.http.acceptEncoding.gzip                                  | true
   artifactory.http.useExpectContinue                                    | false
   artifactory.http.forceForbiddenResponse                               | false
   artifactory.http.connectionPool.timeToLive                            | 30
   artifactory.http.enableCookieManagement                               | false
   artifactory.filtering.resourceSizeKb                                  | 64
   artifactory.repo.remote.checkForExistingResourceOnRequest             | true
   artifactory.version.query.enabled                                     | true
   artifactory.response.disableContentDispositionFilename                | false
   artifactory.composer.metadata.extractor.workers                       | 20
   artifactory.composer.metadata.index.workers                           | 10
   artifactory.chef.metadata.index.workers                               | 10
   artifactory.yum.virtual.metadata.calculation.workers                  | 5
   artifactory.rpm.metadata.calculation.workers                          | 8
   artifactory.rpm.metadata.history.cycles.to.keep                       | 3
   artifactory.debian.metadata.calculation.workers                       | 8
   artifactory.debian.metadata.auto.calculation.disabled                 | false
   artifactory.debian.coordinates.calculation.workers                    | 4
   artifactory.debian.virtual.metadata.calculation.workers               | 5
   artifactory.debian.remote.etag                                        | true
   artifactory.debian.metadata.validation                                | true
   artifactory.debian.metadata.calculateMd5InPackagesFiles               | false
   artifactory.debian.use.acquire.byhash                                 | true
   artifactory.debian.packages.byhash.history.cycles.to.Keep             | 3
   artifactory.archive.licenseFile.names                                 | license,LICENSE,license.txt,LICENSE.txt,LICENSE.TXT
   artifactory.ui.search.maxRowsPerPage                                  | 20
   artifactory.replication.checksumDeploy.minSizeKb                      | 10
   artifactory.replication.consumer.queueSize                            | 1
   artifactory.replication.local.iteration.sleepThresholdMillis          | 1000
   artifactory.replication.local.iteration.sleepMillis                   | 100
   artifactory.replication.event.queue.size                              | 50000
   artifactory.replication.properties.max.length                         | 100000
   artifactory.replication.statistics.max.length                         | 5000
   artifactory.replication.initContext.task.intervalSecs                 | 60
   artifactory.replication.initContext.task.initialDelaySecs             | 5
   artifactory.replication.push.fullTree.saveLocally                     | true
   artifactory.replication.push.fullTree.saveLocally.free.disk.threshold.bytes| 100000000
   artifactory.replication.push.caseDifference.support                   | false
   artifactory.request.explodedArchiveExtensions                         | zip,tar,tar.gz,tgz,7z,tar.bz2
   artifactory.bintray.jcenter.url                                       | http://jcenter.bintray.com
   artifactory.bintray.url                                               | https://bintray.com
   artifactory.bintray.api.url                                           | https://api.bintray.com
   artifactory.bintray.token.expirySecs                                  | 3600
   artifactory.bintray.distributionRegex.timeoutMillis                   | 180000
   artifactory.bintray.ui.hideUploads                                    | false
   artifactory.bintray.ui.hideInfo                                       | false
   artifactory.bintray.ui.hideRemoteSearch                               | false
   artifactory.bintray.client.threadPool.size                            | 5
   artifactory.enable.ui.pages.in.Iframe                                 | false
   artifactory.bintray.client.requestTimeoutMS                           | 150000
   artifactory.bintray.client.distribution.requestTimeoutMS              | 30000
   artifactory.bintray.client.signRequestTimeoutMS                       | 45000
   artifactory.useUserNameAutoCompleteOnLogin                            | on
   artifactory.ui.hideEncryptedPassword                                  | *****
   artifactory.stats.flushIntervalSecs                                   | 30
   artifactory.stats.remote.flushIntervalSecs                            | 35
   artifactory.stats.flushTimeoutSecs                                    | 120
   artifactory.integrationCleanup.intervalSecs                           | 300
   artifactory.integrationCleanup.quietPeriodSecs                        | 60
   artifactory.folderPruning.intervalSecs                                | 300
   artifactory.folderPruning.quietPeriodSecs                             | 60
   artifactory.repo.virtualCacheCleanup.maxAgeHours                      | 168
   artifactory.repo.virtualCacheCleanup.pattern                          | *.pom
   artifactory.security.authentication.password.salt                     | ****************
   artifactory.db.idGenerator.fetch.amount                               | 2000
   artifactory.db.idGenerator.max.update.retries                         | 50
   artifactory.gems.localIndexTaskIntervalSecs                           | 30
   artifactory.gems.virtualIndexTaskIntervalSecs                         | 300
   artifactory.gems.remoteAllowCacheDependencies                         | true
   artifactory.gems.gemsIndexTaskQueueLimit                              | 20000
   artifactory.gems.gemsAfterRepoInitHack                                | true
   artifactory.gems.number.of.split.iterations                           | 1
   artifactory.jruby.runtime.localContextMode                            | CONCURRENT
   artifactory.security.authentication.crowd.group.startIndex            | 0
   artifactory.security.authentication.crowd.group.maxResults            | 9999
   artifactory.ui.hideChecksums                                          | true
   artifactory.archive.indexer.intervalSecs                              | 60
   artifactory.xray.indexer.intervalSecs                                 | 60
   artifactory.xray.client.token.authentication.support                  | false
   artifactory.xray.client.token.expiry.minutes                          | 1440
   artifactory.xray.client.block.cache.expiration.intervalSecs           | 300
   artifactory.xray.client.block.unscanned.cache.expiration.intervalSecs | 120
   artifactory.xray.event.job.read.limit                                 | 10000
   artifactory.xray.client.block.cache.size                              | 100000
   artifactory.xray.client.heartbeat.intervalSecs                        | 5
   artifactory.xray.client.max.connections                               | 50
   artifactory.xray.client.connection.timeout.millis                     | 5000
   artifactory.xray.client.builds.socket.timeout.millis                  | 600000
   artifactory.xray.client.normal.socket.timeout.millis                  | 25000
   artifactory.xray.cleanup.job.quietPeriodSecs                          | 60
   artifactory.xray.cleanup.job.db.query.limit                           | 100
   artifactory.xray.cleanup.job.batch.size                               | 100
   artifactory.xray.cleanup.job.sleep.interval.millis                    | 0
   artifactory.nuget.inMemoryRemoteCaches                                | true
   artifactory.nuget.forceAuthentication                                 | false
   artifactory.nuget.allowRootGetWithAnon                                | false
   artifactory.nuget.disableSemVer2SearchFilterForLocalRepos             | false
   artifactory.nuget.ignoreIsLatestVersionFilter                         | true
   artifactory.nuget.xstream.reusage.for.remote.metadata.enabled         | true
   artifactory.ha.heartbeat.intervalSecs                                 | 5
   artifactory.ha.heartbeat.staleSecs                                    | 30
   artifactory.ha.heartbeat.recently.worked.trigger.days                 | 7
   artifactory.ha.propagation.http.socketTimeoutMs                       | 5000
   artifactory.ha.propagation.http.connectionTimeoutMs                   | 5000
   artifactory.ha.propagation.http.maxConnectionsPerRoute                | 50
   artifactory.ha.propagation.http.maxTotalConnections                   | 150
   artifactory.ha.propagation.CallTimeoutSecs                            | 30
   artifactory.binary.store.error.notification.intervalSecs              | 30
   artifactory.binary.store.error.notification.staleSecs                 | 30
   artifactory.ha.membersIntroduction.intervalSecs                       | 30
   artifactory.ha.membersIntroduction.staleSecs                          | 30
   artifactory.npm.remote.metadata.content.validation                    | true
   artifactory.npm.remote.metadata.json.accept.header                    | true
   artifactory.npm.alternative.download.enabled                          | false
   artifactory.npm.default.audit.provider                                | https://registry.npmjs.org
   artifactory.npm.minimal.xray.audit.support                            | 2.8.0
   artifactory.npm.virtual.cache.item.ttl.seconds                        | 600
   artifactory.npm.virtual.cache.cleanup.batch.size                      | 1000
   artifactory.npm.semver4j.enabled                                      | true
   artifactory.import.max.parallelRepos                                  | 7
   artifactory.debian.distribution.path                                  | dists
   artifactory.opkg.index.quietPeriodSecs                                | 60
   artifactory.opkg.index.cycleSecs                                      | 2
   artifactory.debian.default.architectures                              | i386,amd64
   artifactory.pypi.index.quietPeriodSecs                                | 60
   artifactory.pypi.index.sleepMilliSecs                                 | 60
   artifactory.pypi.index.preferMetadataOnRootDepth                      | true
   artifactory.docker.cleanup.maxAgeMillis                               | 86400000
   artifactory.docker.cleanup.uploadsTmpFolderJobMillis                  | 86400000
   artifactory.docker.cleanup.tmpFolder.maxSearchResult                  | 5000
   artifactory.docker.tags.cleanup.intervalSecs                          | 300
   artifactory.docker.tags.cleanup.quietPeriodSecs                       | 60
   artifactory.docker.manifest.marker.lock.timeoutMillis                 | 30000
   artifactory.http.range.support                                        | true
   artifactory.acl.dirty.read.timeout                                    | 20000
   artifactory.acl.version.cache.async.reload                            | false
   artifactory.acl.version.cache.async.waiting.time.millis               | 60000
   artifactory.acl.version.cache.async.waiting.on.error.time.millis      | 60000
   artifactory.acl.minimum.wait.refresh.data.seconds                     | 30
   artifactory.central.config.dirty.read.timeout.millis                  | 2000
   artifactory.central.config.latest.revisions.expire.after.access.seconds| 21600
   artifactory.central.config.latest.revisions.dictionary.size           | 20
   artifactory.central.config.save.number.of.retries                     | 5
   artifactory.central.config.save.backoff.max.delay                     | 8000
   artifactory.central.config.save.backoff.multiplier                    | 2
   artifactory.repositories.dirty.read.timeout.millis                    | 5000
   artifactory.ping.allowUnauthenticated                                 | false
   artifactory.repo.http.idleConnectionMonitorInterval                   | 10
   artifactory.repo.http.disableIdleConnectionMonitoring                 | false
   artifactory.support.core.bundle.contentCollectionAwaitTimeout         | 60
   artifactory.support.core.bundle.waitForSlotBeforeWithdraw             | 600
   artifactory.support.core.bundle.maxBundles                            | 5
   artifactory.binary.provider.zones                                     | a,b,c
   artifactory.binary.provider.prune.chunk.size                          | 500
   artifactory.properties.search.chunk.size                              | 500
   artifactory.security.useFrontCacheForBlockedUsers                     | true
   artifactory.security.loginBlockDelay                                  | 500
   artifactory.security.maxLoginBlockDelay                               | 5000
   artifactory.security.max.incorrect.login.attempts                     | 2
   artifactory.security.max.users.toTrack                                | 10000
   artifactory.security.password.expiry.passwordExpireNotificationJobIntervalSecs| *****
   artifactory.security.password.expiry.passwordExpireJobIntervalSecs    | *****
   artifactory.security.password.expiry.daysToNotifyBefore               | *
   artifactory.http.client.max.total.connections                         | 50
   artifactory.http.client.max.connections.per.route                     | 50
   artifactory.http.client.max.docker.token.connections                  | 2
   artifactory.hazelcast.max.lock.lease.time.minutes                     | 30
   artifactory.repo.remote.blockedMismatchingMimeTypes                   | text/html,application/xhtml+xml
   artifactory.mvn.metadata.calculation.skip.delete.event                | false
   artifactory.repo.remote.browsing.content.length.limit.KB              | 1024
   artifactory.repo.remote.syncProperties.blacklistUrls                  | 
   artifactory.remote.repo.url.strict.policy                             | false
   artifactory.hazelcast.management                                      | false
   artifactory.hazelcast.map.max.backup.count                            | 1
   artifactory.sumologic.api.url                                         | https://auth.sumologic.com
   artifactory.move.copy.max.folder.cache.size                           | 1000000
   artifactory.move.copy.default.transaction.size                        | 1000
   artifactory.node.properties.replace.all                               | false
   artifactory.node.properties.log.performance                           | false
   artifactory.workQueue.execution.syncExecutionTimeoutMillis            | 120000
   artifactory.workQueue.dojob.enabled                                   | true
   artifactory.workQueue.dojob.intervalSecs                              | 5
   artifactory.workitem.max.lock.lease.time.minutes                      | 30
   artifactory.ha.messages.workers                                       | 10
   artifactory.security.communication.constant                           | ArtifactorySecurityCommunicationConstant
   artifactory.nuget.disablePermissionCheck                              | false
   artifactory.treebrowser.sortRepositories.sortByType                   | virtual,distribution,local,remote,cached
   artifactory.treebrowser.folder.compact                                | true
   artifactory.maven.metadata.publishModelVersion                        | true
   artifactory.access.token.expiresIn.default                            | 3600
   artifactory.access.token.non.admin.max.expires.in                     | 3600
   artifactory.access.client.token.verify.result.cache.size              | -1
   artifactory.access.client.token.verify.result.cache.expiry            | -1
   artifactory.access.client.waitForServer                               | 90
   artifactory.access.client.max.connections                             | 50
   artifactory.access.client.connection.timeout                          | -1
   artifactory.access.client.socket.timeout                              | -1
   artifactory.access.client.ignore.server.version.assertion             | false
   artifactory.access.client.force.rest                                  | false
   artifactory.access.client.force.grpc                                  | false
   artifactory.metadata.client.max.connections                           | 50
   artifactory.metadata.client.connection.timeout                        | 10000
   artifactory.metadata.client.socket.timeout                            | 300000
   artifactory.metadata.client.serverUrl.override                        | http://localhost:8086
   artifactory.metadata.event.operator.threads                           | 5
   artifactory.metadata.event.operator.dispatcher.interval.secs          | 60
   artifactory.metadata.event.unstable.margin.secs                       | 60
   artifactory.metadata.native.ui                                        | false
   artifactory.metadata.server.events.persistence                        | distributed
   artifactory.security.active.principal.token.ttl                       | 600
   artifactory.security.active.principal.token.ttl                       | 10000
   artifactory.puppet.metadata.calculation.workers                       | 5
   artifactory.puppet.repo.metadata.calculation.workers                  | 5
   artifactory.puppet.reindex.period                                     | 1800
   artifactory.puppet.additional.modulegroup                             | 
   artifactory.puppet.additional.endorsement                             | 
   artifactory.onboarding.skipWizard                                     | false
   artifactory.configuration.manager.retry.amount                        | 3
   artifactory.aggregation.time.window.secs                              | 60
   artifactory.most.downloaded.cache.idleTimeSecs                        | 900
   artifactory.replication.eventBased.connection.maxDelay                | 1800000
   artifactory.replications.eventbased.workers                           | 8
   artifactory.replication.eventbased.maxQueueItems                      | 500
   artifactory.replication.eventbased.maxPullReplicationsPerRepo         | 30
   artifactory.build.retention.workers                                   | 10
   artifactory.build.retention.always.async                              | false
   artifactory.build.info.migration.job.enabled                          | true
   artifactory.build.info.migration.job.queue.workers                    | 2
   artifactory.build.info.migration.fix.properties                       | false
   artifactory.build.ui.skip.delete.permission.check                     | false
   artifactory.locking.provider.type                                     | db
   artifactory.db.lock.cleanup.job.interval                              | 10
   artifactory.db.lock.cleanup.job.stale.interval                        | 10
   artifactory.db.mssql.property.value.max.size                          | 900
   artifactory.db.postgres.property.value.max.size                       | 2400
   artifactory.migration.job.waitForCluster.sleepIntervalMillis          | 300000
   artifactory.migration.job.dbQueryLimit                                | 100
   artifactory.migration.job.batchSize                                   | 10
   artifactory.migration.job.sleepIntervalMillis                         | 5000
   artifactory.sha2.migration.job.queue.workers                          | 2
   artifactory.sha2.migration.job.enabled                                | false
   artifactory.pathChecksum.migration.job.enabled                        | false
   artifactory.pathChecksum.migration.job.queue.workers                  | 2
   artifactory.upload.failOnChecksumValidationError                      | false
   artifactory.remote.download.inVain.consume.limit.inMegaBytes          | 1
   artifactory.service.name                                              | https://localhost:8080/artifactory/webapp/
   artifactory.helm.metadata.calculation.workers                         | 5
   artifactory.helm.virtual.metadata.calculation.workers                 | 5
   artifactory.cran.metadata.calculation.workers                         | 5
   artifactory.conan.metadata.calculation.workers                        | 5
   artifactory.conan.index.timestamp.override.threshold.millis           | 60000
   artifactory.conan.v2.migration.job.enabled                            | true
   artifactory.conan.v2.migration.job.queue.workers                      | 2
   artifactory.sql.converter.allowExternalConversionScripts              | false
   artifactory.master.key.waiting.timeout.millis                         | *****
   artifactory.join.key.waiting.timeout.millis                           | *****
   artifactory.bootstrap.logger.debug                                    | false
   artifactory.enable.context.aware.logger                               | false
   artifactory.send.overwrites.to.trashcan                               | true
   artifactory.trashcan.max.search.results                               | 10000
   artifactory.enable.replicator.use                                     | true
   artifactory.start.local.replicator                                    | false
   artifactory.min.replicator.use.filesize.in.bytes                      | 8000000
   artifactory.block.on.conversion.cache.timeout.in.millis               | 0
   artifactory.node.events.enabled                                       | true
   artifactory.node.events.metrics.enabled                               | true
   artifactory.node.events.max.time                                      | 31536000000
   artifactory.jobs.table.ttl.millis                                     | 604800000
   artifactory.jobs.table.fetch.limit                                    | 10000
   artifactory.replication.full.useEventLog                              | false
   artifactory.replication.full.eventlog.commit.durationMillis           | 5000
   artifactory.replication.full.eventlog.forceSuccessfulFullTree         | false
   artifactory.replication.primaryOnly                                   | true
   artifactory.replication.errorQueue.maxErrors                          | 100
   artifactory.replication.errorQueue.enabled                            | false
   artifactory.replication.errorQueue.retryCount                         | 10
   artifactory.releasebundle.cleanup.intervalSecs                        | 3600
   artifactory.releasebundle.distribute.streaming.intervalSecs           | 15
   artifactory.local.port.for.replicator                                 | 8081
   artifactory.package.native.ui.results                                 | 1000
   artifactory.package.native.ui.include.total.downloads                 | true
   artifactory.package.native.ui.search.by.path                          | false
   artifactory.http.sso.create.session.ui.request.only                   | true
   artifactory.s3.autoBucketCreation.skip                                | false
   artifactory.global.message.cache.ageSecs                              | 10
   artifactory.apply.local.repos.permissions.on.remote.repos             | false
   artifactory.apply.remote.repos.permissions.on.local.repos             | false
   artifactory.ui.continue.paging.limit                                  | 500
   artifactory.conda.metadata.calculation.workers                        | 5
   artifactory.npm.metadata.calculation.workers                          | 10
   artifactory.npm.reindex.metadata.calculation.workers                  | 10
   artifactory.go.github.useRaw                                          | false
   artifactory.go.pathFallback.allow                                     | false
   artifactory.go.sumdb.enabled                                          | true
   artifactory.native.ui.search.max.time.millis                          | 60000
   artifactory.access.admin.default.password.check.period.millis         | *****
   artifactory.signed.url.cdn.validForSecs                               | 30
   artifactory.signed.url.validForSecs                                   | 86400
   artifactory.should.include.native.prop.keys                           | ****
   artifactory.replication.skip.check.localgenerated                     | false
   artifactory.docker.virtual.manifest.syncer.use.heuristic              | false
   artifactory.docker.catalogs.tags.fallback.fetch.remote.cache          | false
   artifactory.sql.server.query.builder.force.add.offset.to.query        | false
   artifactory.support.bundles.retention.count                           | 15
   artifactory.max.artifacts.permission.test.on.checksum.deploy          | 10
   artifactory.ignore.checksum.deploy.permission.check                   | false
   artifactory.list.of.repos.allowed.send.redirect.url                   | 
   artifactory.cloud.binary.provider.redirect.threshold.in.bytes         | 204800
   artifactory.is.add.user.name.to.sign.url.for.redirect                 | false
   artifactory.list.of.repos.hosts.need.to.avoid.url.normalisation       | mcr.microsoft.com
   artifactory.list.of.query.params.indicate.sign.url                    | sig
   artifactory.testing.port                                              | -1
   artifactory.cipher.black.list                                         | arcfour256
   artifactory.max.release.bundle.size.to.display                        | 3000
   artifactory.events.log.cleanup.task.period.hours                      | 13
   artifactory.events.log.cleanup.age.of.entries.to.discard.days         | 60
   artifactory.replication.events.fetch.batch.limit                      | 1000
   artifactory.events.log.cleanup.interval.hours                         | 4
   artifactory.events.log.cleanup.iteration.sleep.time.millis            | 20
   artifactory.shutdown.on.invalid.db.scheme                             | false
   artifactory.docker.blobs.caches.enabled                               | true
   artifactory.docker.blobs.cache.stat.print.interval.millis             | 300000
   artifactory.allow.insecure.templates                                  | false
   artifactory.home                                                      | /Users/dand/temp/124973/artifactory-pro-6.17.0

2020-02-17 14:45:49,284 [art-init] [INFO ] (o.a.s.SecurityServiceImpl:2827) - Creating the default super user 'admin', since no admin user exists!
2020-02-17 14:45:49,435 [art-init] [INFO ] (o.a.s.SecurityServiceImpl:2858) - Creating the default anonymous user, since it does not exist!
2020-02-17 14:45:50,494 [art-init] [INFO ] (o.a.a.c.r.ReplicatorServiceImpl:108) - initializing Replicator Service
2020-02-17 14:45:50,495 [art-init] [INFO ] (o.a.a.c.r.ReplicatorServiceImpl:340) - Local Replicator is setting up in non-bundled mode
2020-02-17 14:45:50,496 [art-init] [INFO ] (o.a.r.c.IntegrationCleanupServiceImpl:75) - Using generated cron 0 35 1 ? * * for jobs table cleanup
2020-02-17 14:45:50,736 [art-init] [INFO ] (o.a.c.CentralConfigServiceImpl:620) - Reloading configuration... old revision 0, new revision 1
2020-02-17 14:45:50,784 [art-init] [INFO ] (o.a.c.CentralConfigServiceImpl:357) - Force updating new descriptor (old descriptor doesn't support diff). Old descriptor revision 0
2020-02-17 14:45:50,794 [art-init] [INFO ] (o.a.c.CentralConfigServiceImpl:379) - New configuration with revision 1 saved.
2020-02-17 14:45:50,794 [art-init] [INFO ] (o.a.s.ArtifactoryApplicationContext:519) - Artifactory application context set to NOT READY by reload
2020-02-17 14:45:50,994 [art-init] [INFO ] (o.a.s.BaseTaskServiceDescriptorHandler:51) - No Replication configured. Replication is disabled.
2020-02-17 14:45:51,047 [art-init] [INFO ] (o.j.c.w.ConfigurationManagerImpl:445) - Replacing temporary DB channel with permanent DB channel
2020-02-17 14:45:51,048 [art-init] [INFO ] (o.j.c.w.ConfigurationManagerImpl:445) - Successfully closed temporary DB channel
2020-02-17 14:45:51,050 [art-init] [INFO ] (o.j.c.w.ConfigurationManagerImpl:81) - Starting file sync
2020-02-17 14:45:51,072 [art-init] [INFO ] (o.j.c.w.ConfigurationManagerImpl:28) - [Node ID: af3b1183aa76e5e8:-5776bf2d:170532e803f:-8000] detected local modify for config 'artifactory.system.properties'
2020-02-17 14:45:51,078 [art-init] [INFO ] (o.j.c.w.ConfigurationManagerImpl:28) - [Node ID: af3b1183aa76e5e8:-5776bf2d:170532e803f:-8000] detected local modify for config 'artifactory.mimeType'
2020-02-17 14:45:51,081 [art-init] [INFO ] (o.j.c.w.ConfigurationManagerImpl:28) - [Node ID: af3b1183aa76e5e8:-5776bf2d:170532e803f:-8000] detected local modify for config 'artifactory.binarystore.xml'
2020-02-17 14:45:51,097 [art-init] [INFO ] (o.j.c.w.ConfigurationManagerImpl:28) - [Node ID: af3b1183aa76e5e8:-5776bf2d:170532e803f:-8000] detected local modify for config 'artifactory.security.access/access.admin.token'
2020-02-17 14:45:51,130 [art-init] [INFO ] (o.a.s.ArtifactoryApplicationContext:519) - Artifactory application context set to READY by reload
2020-02-17 14:45:51,136 [art-init] [INFO ] (o.a.c.CentralConfigServiceImpl:638) - Configuration reloaded.
2020-02-17 14:45:51,155 [art-init] [INFO ] (o.a.s.ArtifactoryApplicationContext:519) - Artifactory application context set to READY by refresh
2020-02-17 14:45:51,166 [art-init] [INFO ] (o.a.s.ArtifactoryEncryptionServiceImpl:116) - Starting encryption for first Artifactory startup
2020-02-17 14:45:51,167 [art-init] [INFO ] (o.j.s.f.SecurityFolderHelper:152) - Creating artifactory encryption key at /Users/dand/temp/124973/artifactory-pro-6.17.0/etc/security/artifactory.tmp.key
2020-02-17 14:45:51,171 [art-init] [INFO ] (o.j.c.w.ConfigurationManagerImpl:284) - [Node ID: af3b1183aa76e5e8:-5776bf2d:170532e803f:-8000] detected local create for config 'artifactory.security.artifactory.key'
2020-02-17 14:45:51,193 [art-init] [INFO ] (o.j.s.c.EncryptionWrapperFactory:33) - createArtifactoryKeyWrapper  EncryptionWrapperBase{ encodingType=ARTIFACTORY_MASTER, topEncrypter=BytesEncrypterBase{ Cipher='AES128',  keyId='31BNr'}, formatUsed=DotFormat, decrypters=[BytesEncrypterBase{ Cipher='AES128',  keyId='31BNr'}]}
2020-02-17 14:45:51,214 [art-exec-7] [INFO ] (o.a.c.CentralConfigServiceImpl:620) - Reloading configuration... old revision 1, new revision 2
2020-02-17 14:45:51,218 [art-init] [INFO ] (o.a.s.a.AccessServiceImpl:1590) - Successful register of Artifactory serviceId jfrt@01e19jxqtwe5w01gvkb60r1y9m in Access Federation
2020-02-17 14:45:51,225 [art-exec-8] [INFO ] (o.a.r.c.DockerUploadsFolderCleanupServiceImpl:51) - Starting docker temp folder cleanup
2020-02-17 14:45:51,227 [art-exec-8] [INFO ] (o.a.r.c.DockerUploadsFolderCleanupServiceImpl:53) - Docker temp folder cleanup finished, time took: 2 millis
2020-02-17 14:45:51,229 [art-init] [INFO ] (o.a.s.s.StorageServiceImpl:426) - Scheduling CalculateReposStorageSummaryJob to run at '0 42 * ? * *'
2020-02-17 14:45:51,237 [art-init] [INFO ] (o.a.w.s.ArtifactoryContextConfigListener:215) - 
###########################################################
### Artifactory successfully started (21.381 seconds)   ###
###########################################################

2020-02-17 14:45:51,273 [art-exec-7] [INFO ] (o.a.c.CentralConfigServiceImpl:379) - New configuration with revision 2 saved.
2020-02-17 14:45:51,273 [art-exec-7] [INFO ] (o.a.s.ArtifactoryApplicationContext:519) - Artifactory application context set to NOT READY by reload
2020-02-17 14:45:51,372 [art-exec-7] [INFO ] (o.a.s.ArtifactoryApplicationContext:519) - Artifactory application context set to READY by reload
2020-02-17 14:45:51,373 [art-exec-7] [INFO ] (o.a.c.CentralConfigServiceImpl:638) - Configuration reloaded.
2020-02-17 14:46:01,172 [art-exec-18] [INFO ] (o.a.e.EventsLogCleanUpService:53) - Starting cleanup of old events from event log
2020-02-17 14:46:01,184 [art-exec-18] [INFO ] (o.a.e.EventsLogCleanUpService:74) - Cleanup of old events from event log finished
2020-02-17 14:48:03,986 [http-nio-8081-exec-3] [INFO ] (o.a.s.ArtifactoryApplicationContext:519) - Artifactory application context set to NOT READY by reload
2020-02-17 14:48:04,238 [http-nio-8081-exec-3] [INFO ] (o.a.s.ArtifactoryApplicationContext:519) - Artifactory application context set to READY by reload
2020-02-17 14:48:04,241 [http-nio-8081-exec-3] [INFO ] (o.a.s.BaseTaskServiceDescriptorHandler:43) - Removing all job Replication from task service handler.
2020-02-17 14:48:04,244 [http-nio-8081-exec-3] [INFO ] (o.a.s.BaseTaskServiceDescriptorHandler:51) - No Replication configured. Replication is disabled.
2020-02-17 14:48:17,967 [http-nio-8081-exec-7] [INFO ] (o.a.s.SecurityServiceImpl:1292) - Password for user 'admin' has been successfully changed
2020-02-17 14:48:26,944 [http-nio-8081-exec-7] [INFO ] (o.a.r.o.YamlConfigCreator:73) - Saving bootstrap settings to artifactory.config.20200217.144826.yml
2020-02-17 15:45:50,452 [art-exec-28] [INFO ] (o.a.a.r.b.c.ReleaseBundleCleanupServiceImpl:82) - Starting to cleanup incomplete Release Bundles
2020-02-17 15:45:50,478 [art-exec-28] [INFO ] (o.a.a.r.b.c.ReleaseBundleCleanupServiceImpl:88) - Finished incomplete Release Bundles cleanup
2020-02-17 16:00:00,049 [art-exec-28] [INFO ] (o.a.s.d.b.s.BinaryServiceImpl:578) - Triggering Garbage Collection
2020-02-17 16:00:00,225 [art-exec-28] [INFO ] (o.a.s.d.b.s.g.GarbageCollector:54) - Starting GC strategy 'TRASH_AND_BINARIES'
2020-02-17 16:00:00,275 [art-exec-28] [INFO ] (o.a.s.d.b.s.g.GarbageCollector:56) - Finished GC Strategy 'TRASH_AND_BINARIES'
2020-02-17 17:45:50,457 [art-exec-14] [INFO ] (o.a.a.r.b.c.ReleaseBundleCleanupServiceImpl:82) - Starting to cleanup incomplete Release Bundles
2020-02-17 17:45:50,504 [art-exec-14] [INFO ] (o.a.a.r.b.c.ReleaseBundleCleanupServiceImpl:88) - Finished incomplete Release Bundles cleanup
2020-02-17 18:45:50,452 [art-exec-27] [INFO ] (o.a.a.r.b.c.ReleaseBundleCleanupServiceImpl:82) - Starting to cleanup incomplete Release Bundles
2020-02-17 18:45:50,459 [art-exec-27] [INFO ] (o.a.a.r.b.c.ReleaseBundleCleanupServiceImpl:88) - Finished incomplete Release Bundles cleanup
2020-02-17 20:00:00,026 [art-exec-25] [INFO ] (o.a.s.d.b.s.BinaryServiceImpl:578) - Triggering Garbage Collection
2020-02-17 20:00:00,065 [art-exec-25] [INFO ] (o.a.s.d.b.s.g.GarbageCollector:54) - Starting GC strategy 'TRASH_AND_BINARIES'
2020-02-17 20:00:00,085 [art-exec-25] [INFO ] (o.a.s.d.b.s.g.GarbageCollector:56) - Finished GC Strategy 'TRASH_AND_BINARIES'
2020-02-17 22:45:50,451 [art-exec-91] [INFO ] (o.a.a.r.b.c.ReleaseBundleCleanupServiceImpl:82) - Starting to cleanup incomplete Release Bundles
2020-02-17 22:45:50,460 [art-exec-91] [INFO ] (o.a.a.r.b.c.ReleaseBundleCleanupServiceImpl:88) - Finished incomplete Release Bundles cleanup
2020-02-17 23:45:50,455 [art-exec-70] [INFO ] (o.a.a.r.b.c.ReleaseBundleCleanupServiceImpl:82) - Starting to cleanup incomplete Release Bundles
2020-02-17 23:45:50,457 [art-exec-70] [INFO ] (o.a.a.r.b.c.ReleaseBundleCleanupServiceImpl:88) - Finished incomplete Release Bundles cleanup
2020-02-18 00:28:28,401 [art-exec-80] [INFO ] (o.a.s.d.b.s.BinaryServiceImpl:578) - Triggering Garbage Collection
2020-02-18 00:28:28,402 [art-exec-80] [INFO ] (o.a.s.d.b.s.g.GarbageCollector:54) - Starting GC strategy 'TRASH_AND_BINARIES'
2020-02-18 00:28:28,403 [art-exec-80] [INFO ] (o.a.s.d.b.s.g.GarbageCollector:56) - Finished GC Strategy 'TRASH_AND_BINARIES'
2020-02-18 00:28:28,408 [art-exec-81] [INFO ] (o.a.r.c.VirtualCacheCleanupServiceImpl:116) - Starting cleanup of virtual repositories cache
2020-02-18 00:28:28,409 [art-exec-81] [INFO ] (o.a.r.c.VirtualCacheCleanupServiceImpl:124) - Completed virtual repositories cleanup: removed 0 cached files.
2020-02-18 01:35:00,013 [art-exec-83] [INFO ] (o.a.r.c.IntegrationCleanupServiceImpl:44) - cleaning jobs table
2020-02-18 01:35:00,024 [art-exec-83] [INFO ] (o.a.r.c.IntegrationCleanupServiceImpl:48) - cleaned up 0 old job records
2020-02-18 02:07:35,354 [art-exec-90] [INFO ] (o.a.s.ArtifactoryApplicationContext:658) - Beginning full system export...
2020-02-18 02:07:35,355 [art-exec-90] [INFO ] (o.a.s.ArtifactoryApplicationContext:685) - Creating temp export directory: /Users/dand/temp/124973/artifactory-pro-6.17.0/backup/backup-daily/current
2020-02-18 02:07:35,355 [art-exec-90] [INFO ] (o.a.s.ArtifactoryApplicationContext:692) - Using backup directory: '/Users/dand/temp/124973/artifactory-pro-6.17.0/backup/backup-daily/current'.
2020-02-18 02:07:35,356 [art-exec-90] [INFO ] (o.a.c.CentralConfigServiceImpl:579) - Exporting config...
2020-02-18 02:07:35,540 [art-exec-90] [INFO ] (o.a.s.a.AccessServiceImpl:1351) - Exporting serviceId to file
2020-02-18 02:07:35,542 [art-exec-90] [INFO ] (o.a.s.a.AccessServiceImpl:1333) - Triggering export in access server...
2020-02-18 02:07:35,637 [art-exec-90] [INFO ] (o.a.s.ArtifactoryApplicationContext:886) - Note: the etc exported folder has excessive permissions. Be careful with the files.
2020-02-18 02:07:35,642 [art-exec-90] [INFO ] (o.a.r.s.RepositoryServiceImpl:874) - Exporting repositories...
2020-02-18 02:07:35,659 [art-exec-90] [INFO ] (o.a.r.d.i.DbRepoExportHandler:75) - artifactory-build-info export started with 1 nodes to: '/Users/dand/temp/124973/artifactory-pro-6.17.0/backup/backup-daily/current/repositories/artifactory-build-info'
2020-02-18 02:07:35,719 [art-exec-90] [INFO ] (o.a.r.d.i.DbRepoExportHandler:85) - artifactory-build-info export finished with: 1 Items exported (0 files and 1 folders), 0 Item skipped: (0 files and 0 folders).Duration: 62.3 millis IPS: 16.05 Target: '/Users/dand/temp/124973/artifactory-pro-6.17.0/backup/backup-daily/current/repositories/artifactory-build-info'
2020-02-18 02:07:35,719 [art-exec-90] [INFO ] (o.a.r.d.i.DbRepoExportHandler:75) - example-repo-local export started with 1 nodes to: '/Users/dand/temp/124973/artifactory-pro-6.17.0/backup/backup-daily/current/repositories/example-repo-local'
2020-02-18 02:07:35,721 [art-exec-90] [INFO ] (o.a.r.d.i.DbRepoExportHandler:85) - example-repo-local export finished with: 1 Items exported (0 files and 1 folders), 0 Item skipped: (0 files and 0 folders).Duration: 2.48 millis IPS: 403.14 Target: '/Users/dand/temp/124973/artifactory-pro-6.17.0/backup/backup-daily/current/repositories/example-repo-local'
2020-02-18 02:07:35,729 [art-exec-90] [INFO ] (o.a.s.ArtifactoryApplicationContext:788) - Full system export completed successfully.
2020-02-18 04:27:22,564 [art-exec-98] [INFO ] (o.a.s.d.b.s.BinaryServiceImpl:578) - Triggering Garbage Collection
2020-02-18 04:27:22,567 [art-exec-98] [INFO ] (o.a.s.d.b.s.g.GarbageCollector:54) - Starting GC strategy 'TRASH_AND_BINARIES'
2020-02-18 04:27:22,571 [art-exec-98] [INFO ] (o.a.s.d.b.s.g.GarbageCollector:56) - Finished GC Strategy 'TRASH_AND_BINARIES'
2020-02-18 08:28:52,335 [art-exec-155] [INFO ] (o.a.s.d.b.s.BinaryServiceImpl:578) - Triggering Garbage Collection
2020-02-18 08:28:52,491 [art-exec-155] [INFO ] (o.a.s.d.b.s.g.GarbageCollector:54) - Starting GC strategy 'TRASH_AND_BINARIES'
2020-02-18 08:28:52,565 [art-exec-155] [INFO ] (o.a.s.d.b.s.g.GarbageCollector:56) - Finished GC Strategy 'TRASH_AND_BINARIES'
2020-02-18 09:45:50,455 [art-exec-155] [INFO ] (o.a.a.r.b.c.ReleaseBundleCleanupServiceImpl:82) - Starting to cleanup incomplete Release Bundles
2020-02-18 09:45:50,465 [art-exec-155] [INFO ] (o.a.a.r.b.c.ReleaseBundleCleanupServiceImpl:88) - Finished incomplete Release Bundles cleanup
2020-02-18 11:45:50,449 [art-exec-175] [INFO ] (o.a.a.r.b.c.ReleaseBundleCleanupServiceImpl:82) - Starting to cleanup incomplete Release Bundles
2020-02-18 11:45:50,451 [art-exec-175] [INFO ] (o.a.a.r.b.c.ReleaseBundleCleanupServiceImpl:88) - Finished incomplete Release Bundles cleanup
2020-02-18 12:00:00,003 [art-exec-175] [INFO ] (o.a.s.d.b.s.BinaryServiceImpl:578) - Triggering Garbage Collection
2020-02-18 12:00:00,005 [art-exec-175] [INFO ] (o.a.s.d.b.s.g.GarbageCollector:54) - Starting GC strategy 'TRASH_AND_BINARIES'
2020-02-18 12:00:00,006 [art-exec-175] [INFO ] (o.a.s.d.b.s.g.GarbageCollector:56) - Finished GC Strategy 'TRASH_AND_BINARIES'
2020-02-18 12:45:50,452 [art-exec-156] [INFO ] (o.a.a.r.b.c.ReleaseBundleCleanupServiceImpl:82) - Starting to cleanup incomplete Release Bundles
2020-02-18 12:45:50,453 [art-exec-156] [INFO ] (o.a.a.r.b.c.ReleaseBundleCleanupServiceImpl:88) - Finished incomplete Release Bundles cleanup
2020-02-18 13:45:50,453 [art-exec-177] [INFO ] (o.a.a.r.b.c.ReleaseBundleCleanupServiceImpl:82) - Starting to cleanup incomplete Release Bundles
2020-02-18 13:45:50,459 [art-exec-177] [INFO ] (o.a.a.r.b.c.ReleaseBundleCleanupServiceImpl:88) - Finished incomplete Release Bundles cleanup
2020-02-18 14:45:50,458 [art-exec-153] [INFO ] (o.a.a.r.b.c.ReleaseBundleCleanupServiceImpl:82) - Starting to cleanup incomplete Release Bundles
2020-02-18 14:45:50,467 [art-exec-153] [INFO ] (o.a.a.r.b.c.ReleaseBundleCleanupServiceImpl:88) - Finished incomplete Release Bundles cleanup
2020-02-18 15:45:50,460 [art-exec-188] [INFO ] (o.a.a.r.b.c.ReleaseBundleCleanupServiceImpl:82) - Starting to cleanup incomplete Release Bundles
2020-02-18 15:45:50,461 [art-exec-188] [INFO ] (o.a.a.r.b.c.ReleaseBundleCleanupServiceImpl:88) - Finished incomplete Release Bundles cleanup
2020-02-18 16:00:00,010 [art-exec-166] [INFO ] (o.a.s.d.b.s.BinaryServiceImpl:578) - Triggering Garbage Collection
2020-02-18 16:00:00,032 [art-exec-166] [INFO ] (o.a.s.d.b.s.g.GarbageCollector:54) - Starting GC strategy 'TRASH_AND_BINARIES'
2020-02-18 16:00:00,042 [art-exec-166] [INFO ] (o.a.s.d.b.s.g.GarbageCollector:56) - Finished GC Strategy 'TRASH_AND_BINARIES'
2020-02-18 16:05:23,908 [http-nio-8081-exec-7] [INFO ] (o.a.u.r.s.a.c.r.CreateRepositoryConfigService:98) - Creating repository nuget-local
2020-02-18 16:05:23,939 [http-nio-8081-exec-7] [INFO ] (o.a.u.r.s.a.c.r.CreateRepositoryConfigService:98) - Creating repository nuget-remote
2020-02-18 16:05:23,988 [http-nio-8081-exec-7] [INFO ] (o.a.u.r.s.a.c.r.CreateRepositoryConfigService:98) - Creating repository nuget
2020-02-18 16:05:24,067 [http-nio-8081-exec-7] [INFO ] (o.a.c.CentralConfigServiceImpl:620) - Reloading configuration... old revision 2, new revision 3
2020-02-18 16:05:24,547 [http-nio-8081-exec-7] [INFO ] (o.a.c.CentralConfigServiceImpl:379) - New configuration with revision 3 saved.
2020-02-18 16:05:24,548 [http-nio-8081-exec-7] [INFO ] (o.a.s.ArtifactoryApplicationContext:519) - Artifactory application context set to NOT READY by reload
2020-02-18 16:05:25,096 [http-nio-8081-exec-7] [INFO ] (o.a.s.BaseTaskServiceDescriptorHandler:51) - No Replication configured. Replication is disabled.
2020-02-18 16:05:25,164 [http-nio-8081-exec-7] [INFO ] (o.a.s.ArtifactoryApplicationContext:519) - Artifactory application context set to READY by reload
2020-02-18 16:05:25,180 [art-exec-162] [INFO ] (o.a.a.n.NuGetCacheBuilderServiceImpl:121) - Populating NuGet package cache for repo nuget-local
2020-02-18 16:05:25,179 [http-nio-8081-exec-7] [INFO ] (o.a.c.CentralConfigServiceImpl:638) - Configuration reloaded.
2020-02-18 16:10:13,945 [http-nio-8081-exec-2] [WARN ] (o.a.h.c.p.ResponseProcessCookies:130) - Invalid cookie header: "Set-Cookie: _octo=GH1.1.25197998.1582035014; domain=.github.com; path=/; expires=Thu, 18 Feb 2021 14:10:14 -0000; secure". Invalid 'expires' attribute: Thu, 18 Feb 2021 14:10:14 -0000
2020-02-18 16:10:13,946 [http-nio-8081-exec-2] [WARN ] (o.a.h.c.p.ResponseProcessCookies:130) - Invalid cookie header: "Set-Cookie: logged_in=no; domain=.github.com; path=/; expires=Thu, 18 Feb 2021 14:10:14 -0000; secure; HttpOnly". Invalid 'expires' attribute: Thu, 18 Feb 2021 14:10:14 -0000
2020-02-18 16:10:14,137 [http-nio-8081-exec-4] [WARN ] (o.a.h.c.p.ResponseProcessCookies:130) - Invalid cookie header: "Set-Cookie: _octo=GH1.1.1229797075.1582035014; domain=.github.com; path=/; expires=Thu, 18 Feb 2021 14:10:14 -0000; secure". Invalid 'expires' attribute: Thu, 18 Feb 2021 14:10:14 -0000
2020-02-18 16:10:14,137 [http-nio-8081-exec-4] [WARN ] (o.a.h.c.p.ResponseProcessCookies:130) - Invalid cookie header: "Set-Cookie: logged_in=no; domain=.github.com; path=/; expires=Thu, 18 Feb 2021 14:10:14 -0000; secure; HttpOnly". Invalid 'expires' attribute: Thu, 18 Feb 2021 14:10:14 -0000
2020-02-18 16:10:14,163 [http-nio-8081-exec-6] [WARN ] (o.a.h.c.p.ResponseProcessCookies:130) - Invalid cookie header: "Set-Cookie: _octo=GH1.1.1996479767.1582035014; Path=/; Domain=github.com; Expires=Thu, 18 Feb 2021 14:10:14 GMT; Secure". Invalid 'expires' attribute: Thu, 18 Feb 2021 14:10:14 GMT
2020-02-18 16:10:14,164 [http-nio-8081-exec-6] [WARN ] (o.a.h.c.p.ResponseProcessCookies:130) - Invalid cookie header: "Set-Cookie: logged_in=no; Path=/; Domain=github.com; Expires=Thu, 18 Feb 2021 14:10:14 GMT; HttpOnly; Secure". Invalid 'expires' attribute: Thu, 18 Feb 2021 14:10:14 GMT
2020-02-18 16:10:25,640 [http-nio-8081-exec-7] [INFO ] (o.a.u.r.s.a.c.r.CreateRepositoryConfigService:98) - Creating repository nuget-github
2020-02-18 16:10:25,661 [http-nio-8081-exec-7] [INFO ] (o.a.c.CentralConfigServiceImpl:620) - Reloading configuration... old revision 3, new revision 4
2020-02-18 16:10:25,841 [http-nio-8081-exec-7] [INFO ] (o.a.c.CentralConfigServiceImpl:379) - New configuration with revision 4 saved.
2020-02-18 16:10:25,842 [http-nio-8081-exec-7] [INFO ] (o.a.s.ArtifactoryApplicationContext:519) - Artifactory application context set to NOT READY by reload
2020-02-18 16:10:25,903 [http-nio-8081-exec-5] [WARN ] (o.a.h.c.p.ResponseProcessCookies:130) - Invalid cookie header: "Set-Cookie: _octo=GH1.1.1850834639.1582035026; domain=.github.com; path=/; expires=Thu, 18 Feb 2021 14:10:26 -0000; secure". Invalid 'expires' attribute: Thu, 18 Feb 2021 14:10:26 -0000
2020-02-18 16:10:25,904 [http-nio-8081-exec-5] [WARN ] (o.a.h.c.p.ResponseProcessCookies:130) - Invalid cookie header: "Set-Cookie: logged_in=no; domain=.github.com; path=/; expires=Thu, 18 Feb 2021 14:10:26 -0000; secure; HttpOnly". Invalid 'expires' attribute: Thu, 18 Feb 2021 14:10:26 -0000
2020-02-18 16:10:26,068 [http-nio-8081-exec-7] [INFO ] (o.a.s.BaseTaskServiceDescriptorHandler:51) - No Replication configured. Replication is disabled.
2020-02-18 16:10:26,079 [http-nio-8081-exec-7] [INFO ] (o.a.s.ArtifactoryApplicationContext:519) - Artifactory application context set to READY by reload
2020-02-18 16:10:26,079 [http-nio-8081-exec-7] [INFO ] (o.a.c.CentralConfigServiceImpl:638) - Configuration reloaded.
2020-02-18 16:17:14,595 [http-nio-8081-exec-2] [ERROR] (o.a.a.n.r.NuGetV3VirtualAndRemoteCommon:243) - Failed to download resource in repo: nuget-github, at url: https://nuget.pkg.github.com/BatelT/index.json. HTTP STATUS CODE: 404
2020-02-18 16:17:14,596 [http-nio-8081-exec-2] [ERROR] (o.a.a.n.r.NuGetV3VirtualAndRemoteCommon:458) - Parsed feed is null, in repo: nuget-github
2020-02-18 16:17:14,616 [http-nio-8081-exec-7] [ERROR] (o.a.a.n.r.NuGetV3VirtualAndRemoteCommon:243) - Failed to download resource in repo: nuget-github, at url: https://nuget.pkg.github.com/BatelT/index.json. HTTP STATUS CODE: 404
2020-02-18 16:17:14,617 [http-nio-8081-exec-7] [ERROR] (o.a.a.n.r.NuGetV3VirtualAndRemoteCommon:458) - Parsed feed is null, in repo: nuget-github
2020-02-18 16:17:14,627 [http-nio-8081-exec-3] [ERROR] (o.a.a.n.r.NuGetV3VirtualAndRemoteCommon:243) - Failed to download resource in repo: nuget-github, at url: https://nuget.pkg.github.com/BatelT/index.json. HTTP STATUS CODE: 404
2020-02-18 16:17:14,627 [http-nio-8081-exec-3] [ERROR] (o.a.a.n.r.NuGetV3VirtualAndRemoteCommon:458) - Parsed feed is null, in repo: nuget-github
2020-02-18 16:22:14,315 [http-nio-8081-exec-6] [WARN ] (o.a.h.c.p.ResponseProcessCookies:130) - Invalid cookie header: "Set-Cookie: _octo=GH1.1.402609915.1582035734; domain=.github.com; path=/; expires=Thu, 18 Feb 2021 14:22:14 -0000; secure". Invalid 'expires' attribute: Thu, 18 Feb 2021 14:22:14 -0000
2020-02-18 16:22:14,316 [http-nio-8081-exec-6] [WARN ] (o.a.h.c.p.ResponseProcessCookies:130) - Invalid cookie header: "Set-Cookie: logged_in=no; domain=.github.com; path=/; expires=Thu, 18 Feb 2021 14:22:15 -0000; secure; HttpOnly". Invalid 'expires' attribute: Thu, 18 Feb 2021 14:22:15 -0000
2020-02-18 16:22:49,830 [http-nio-8081-exec-9] [WARN ] (o.a.h.c.p.ResponseProcessCookies:130) - Invalid cookie header: "Set-Cookie: _octo=GH1.1.149809160.1582035770; domain=.github.com; path=/; expires=Thu, 18 Feb 2021 14:22:50 -0000; secure". Invalid 'expires' attribute: Thu, 18 Feb 2021 14:22:50 -0000
2020-02-18 16:22:49,831 [http-nio-8081-exec-9] [WARN ] (o.a.h.c.p.ResponseProcessCookies:130) - Invalid cookie header: "Set-Cookie: logged_in=no; domain=.github.com; path=/; expires=Thu, 18 Feb 2021 14:22:50 -0000; secure; HttpOnly". Invalid 'expires' attribute: Thu, 18 Feb 2021 14:22:50 -0000
2020-02-18 16:22:50,378 [http-nio-8081-exec-7] [WARN ] (o.a.h.c.p.ResponseProcessCookies:130) - Invalid cookie header: "Set-Cookie: _octo=GH1.1.2035609589.1582035770; Path=/; Domain=github.com; Expires=Thu, 18 Feb 2021 14:22:50 GMT; Secure". Invalid 'expires' attribute: Thu, 18 Feb 2021 14:22:50 GMT
2020-02-18 16:22:50,379 [http-nio-8081-exec-7] [WARN ] (o.a.h.c.p.ResponseProcessCookies:130) - Invalid cookie header: "Set-Cookie: logged_in=no; Path=/; Domain=github.com; Expires=Thu, 18 Feb 2021 14:22:50 GMT; HttpOnly; Secure". Invalid 'expires' attribute: Thu, 18 Feb 2021 14:22:50 GMT
2020-02-18 16:22:54,459 [http-nio-8081-exec-1] [WARN ] (o.a.h.c.p.ResponseProcessCookies:130) - Invalid cookie header: "Set-Cookie: _octo=GH1.1.558558815.1582035775; domain=.github.com; path=/; expires=Thu, 18 Feb 2021 14:22:55 -0000; secure". Invalid 'expires' attribute: Thu, 18 Feb 2021 14:22:55 -0000
2020-02-18 16:22:54,460 [http-nio-8081-exec-1] [WARN ] (o.a.h.c.p.ResponseProcessCookies:130) - Invalid cookie header: "Set-Cookie: logged_in=no; domain=.github.com; path=/; expires=Thu, 18 Feb 2021 14:22:55 -0000; secure; HttpOnly". Invalid 'expires' attribute: Thu, 18 Feb 2021 14:22:55 -0000
2020-02-18 16:22:54,543 [http-nio-8081-exec-3] [INFO ] (o.a.u.r.s.a.c.r.UpdateRepositoryConfigService:64) - Updating repository nuget-github
2020-02-18 16:22:54,555 [http-nio-8081-exec-3] [INFO ] (o.a.c.CentralConfigServiceImpl:620) - Reloading configuration... old revision 4, new revision 5
2020-02-18 16:22:54,778 [http-nio-8081-exec-3] [INFO ] (o.a.c.CentralConfigServiceImpl:379) - New configuration with revision 5 saved.
2020-02-18 16:22:54,779 [http-nio-8081-exec-3] [INFO ] (o.a.s.ArtifactoryApplicationContext:519) - Artifactory application context set to NOT READY by reload
2020-02-18 16:22:54,948 [http-nio-8081-exec-3] [INFO ] (o.a.s.BaseTaskServiceDescriptorHandler:51) - No Replication configured. Replication is disabled.
2020-02-18 16:22:54,962 [http-nio-8081-exec-3] [INFO ] (o.a.s.ArtifactoryApplicationContext:519) - Artifactory application context set to READY by reload
2020-02-18 16:22:54,963 [http-nio-8081-exec-3] [INFO ] (o.a.c.CentralConfigServiceImpl:638) - Configuration reloaded.
2020-02-18 16:25:12,067 [http-nio-8081-exec-8] [WARN ] (o.a.h.c.p.ResponseProcessCookies:130) - Invalid cookie header: "Set-Cookie: _octo=GH1.1.572883050.1582035912; domain=.github.com; path=/; expires=Thu, 18 Feb 2021 14:25:12 -0000; secure". Invalid 'expires' attribute: Thu, 18 Feb 2021 14:25:12 -0000
2020-02-18 16:25:12,067 [http-nio-8081-exec-8] [WARN ] (o.a.h.c.p.ResponseProcessCookies:130) - Invalid cookie header: "Set-Cookie: logged_in=no; domain=.github.com; path=/; expires=Thu, 18 Feb 2021 14:25:12 -0000; secure; HttpOnly". Invalid 'expires' attribute: Thu, 18 Feb 2021 14:25:12 -0000
2020-02-18 16:28:16,267 [http-nio-8081-exec-2] [ERROR] (o.a.a.n.r.NuGetV3VirtualAndRemoteCommon:243) - Failed to download resource in repo: nuget-github, at url: https://nuget.pkg.github.com/BatelT/index.json. HTTP STATUS CODE: 404
2020-02-18 16:28:16,267 [http-nio-8081-exec-2] [ERROR] (o.a.a.n.r.NuGetV3VirtualAndRemoteCommon:458) - Parsed feed is null, in repo: nuget-github
2020-02-18 16:28:16,287 [http-nio-8081-exec-6] [ERROR] (o.a.a.n.r.NuGetV3VirtualAndRemoteCommon:243) - Failed to download resource in repo: nuget-github, at url: https://nuget.pkg.github.com/BatelT/index.json. HTTP STATUS CODE: 404
2020-02-18 16:28:16,287 [http-nio-8081-exec-6] [ERROR] (o.a.a.n.r.NuGetV3VirtualAndRemoteCommon:458) - Parsed feed is null, in repo: nuget-github
2020-02-18 16:28:16,297 [http-nio-8081-exec-9] [ERROR] (o.a.a.n.r.NuGetV3VirtualAndRemoteCommon:243) - Failed to download resource in repo: nuget-github, at url: https://nuget.pkg.github.com/BatelT/index.json. HTTP STATUS CODE: 404
2020-02-18 16:28:16,298 [http-nio-8081-exec-9] [ERROR] (o.a.a.n.r.NuGetV3VirtualAndRemoteCommon:458) - Parsed feed is null, in repo: nuget-github
2020-02-18 16:28:28,753 [http-nio-8081-exec-4] [INFO ] (o.a.u.r.s.a.c.r.UpdateRepositoryConfigService:64) - Updating repository nuget-github
2020-02-18 16:28:28,773 [http-nio-8081-exec-4] [INFO ] (o.a.c.CentralConfigServiceImpl:620) - Reloading configuration... old revision 5, new revision 6
2020-02-18 16:28:28,902 [http-nio-8081-exec-4] [INFO ] (o.a.c.CentralConfigServiceImpl:379) - New configuration with revision 6 saved.
2020-02-18 16:28:28,902 [http-nio-8081-exec-4] [INFO ] (o.a.s.ArtifactoryApplicationContext:519) - Artifactory application context set to NOT READY by reload
2020-02-18 16:28:29,141 [http-nio-8081-exec-4] [INFO ] (o.a.s.BaseTaskServiceDescriptorHandler:51) - No Replication configured. Replication is disabled.
2020-02-18 16:28:29,175 [http-nio-8081-exec-4] [INFO ] (o.a.s.ArtifactoryApplicationContext:519) - Artifactory application context set to READY by reload
2020-02-18 16:28:29,175 [http-nio-8081-exec-4] [INFO ] (o.a.c.CentralConfigServiceImpl:638) - Configuration reloaded.
2020-02-18 16:28:46,200 [http-nio-8081-exec-3] [ERROR] (o.a.a.n.r.NuGetV3VirtualAndRemoteCommon:243) - Failed to download resource in repo: nuget-github, at url: https://nuget.pkg.github.com/BatelT/index.json. HTTP STATUS CODE: 404
2020-02-18 16:28:46,201 [http-nio-8081-exec-3] [ERROR] (o.a.a.n.r.NuGetV3VirtualAndRemoteCommon:458) - Parsed feed is null, in repo: nuget-github
2020-02-18 16:28:46,217 [http-nio-8081-exec-5] [ERROR] (o.a.a.n.r.NuGetV3VirtualAndRemoteCommon:243) - Failed to download resource in repo: nuget-github, at url: https://nuget.pkg.github.com/BatelT/index.json. HTTP STATUS CODE: 404
2020-02-18 16:28:46,217 [http-nio-8081-exec-5] [ERROR] (o.a.a.n.r.NuGetV3VirtualAndRemoteCommon:458) - Parsed feed is null, in repo: nuget-github
2020-02-18 16:28:46,224 [http-nio-8081-exec-6] [ERROR] (o.a.a.n.r.NuGetV3VirtualAndRemoteCommon:243) - Failed to download resource in repo: nuget-github, at url: https://nuget.pkg.github.com/BatelT/index.json. HTTP STATUS CODE: 404
2020-02-18 16:28:46,224 [http-nio-8081-exec-6] [ERROR] (o.a.a.n.r.NuGetV3VirtualAndRemoteCommon:458) - Parsed feed is null, in repo: nuget-github
2020-02-18 16:36:08,044 [http-nio-8081-exec-5] [INFO ] (o.a.u.r.s.a.c.r.UpdateRepositoryConfigService:64) - Updating repository nuget-github
2020-02-18 16:36:08,050 [http-nio-8081-exec-5] [INFO ] (o.a.c.CentralConfigServiceImpl:620) - Reloading configuration... old revision 6, new revision 7
2020-02-18 16:36:08,110 [http-nio-8081-exec-5] [INFO ] (o.a.c.CentralConfigServiceImpl:379) - New configuration with revision 7 saved.
2020-02-18 16:36:08,111 [http-nio-8081-exec-5] [INFO ] (o.a.s.ArtifactoryApplicationContext:519) - Artifactory application context set to NOT READY by reload
2020-02-18 16:36:08,281 [http-nio-8081-exec-5] [INFO ] (o.a.s.BaseTaskServiceDescriptorHandler:51) - No Replication configured. Replication is disabled.
2020-02-18 16:36:08,289 [http-nio-8081-exec-5] [INFO ] (o.a.s.ArtifactoryApplicationContext:519) - Artifactory application context set to READY by reload
2020-02-18 16:36:08,290 [http-nio-8081-exec-5] [INFO ] (o.a.c.CentralConfigServiceImpl:638) - Configuration reloaded.
2020-02-18 16:37:06,417 [http-nio-8081-exec-2] [ERROR] (o.a.a.n.r.NuGetV3VirtualAndRemoteCommon:243) - Failed to download resource in repo: nuget-github, at url: https://nuget.pkg.github.com/BatelT/octocatapp/index.json. HTTP STATUS CODE: 404
2020-02-18 16:37:06,418 [http-nio-8081-exec-2] [ERROR] (o.a.a.n.r.NuGetV3VirtualAndRemoteCommon:458) - Parsed feed is null, in repo: nuget-github
2020-02-18 16:37:06,436 [http-nio-8081-exec-9] [ERROR] (o.a.a.n.r.NuGetV3VirtualAndRemoteCommon:243) - Failed to download resource in repo: nuget-github, at url: https://nuget.pkg.github.com/BatelT/octocatapp/index.json. HTTP STATUS CODE: 404
2020-02-18 16:37:06,436 [http-nio-8081-exec-9] [ERROR] (o.a.a.n.r.NuGetV3VirtualAndRemoteCommon:458) - Parsed feed is null, in repo: nuget-github
2020-02-18 16:37:06,443 [http-nio-8081-exec-4] [ERROR] (o.a.a.n.r.NuGetV3VirtualAndRemoteCommon:243) - Failed to download resource in repo: nuget-github, at url: https://nuget.pkg.github.com/BatelT/octocatapp/index.json. HTTP STATUS CODE: 404
2020-02-18 16:37:06,444 [http-nio-8081-exec-4] [ERROR] (o.a.a.n.r.NuGetV3VirtualAndRemoteCommon:458) - Parsed feed is null, in repo: nuget-github
2020-02-18 16:44:55,982 [http-nio-8081-exec-1] [INFO ] (o.a.u.r.s.a.c.r.UpdateRepositoryConfigService:64) - Updating repository nuget-github
2020-02-18 16:44:55,995 [http-nio-8081-exec-1] [INFO ] (o.a.c.CentralConfigServiceImpl:620) - Reloading configuration... old revision 7, new revision 8
2020-02-18 16:44:56,200 [http-nio-8081-exec-1] [INFO ] (o.a.c.CentralConfigServiceImpl:379) - New configuration with revision 8 saved.
2020-02-18 16:44:56,200 [http-nio-8081-exec-1] [INFO ] (o.a.s.ArtifactoryApplicationContext:519) - Artifactory application context set to NOT READY by reload
2020-02-18 16:44:56,345 [http-nio-8081-exec-1] [INFO ] (o.a.s.BaseTaskServiceDescriptorHandler:51) - No Replication configured. Replication is disabled.
2020-02-18 16:44:56,354 [http-nio-8081-exec-1] [INFO ] (o.a.s.ArtifactoryApplicationContext:519) - Artifactory application context set to READY by reload
2020-02-18 16:44:56,354 [http-nio-8081-exec-1] [INFO ] (o.a.c.CentralConfigServiceImpl:638) - Configuration reloaded.
2020-02-18 16:45:16,554 [http-nio-8081-exec-6] [ERROR] (o.a.a.n.r.NuGetV3VirtualAndRemoteCommon:243) - Failed to download resource in repo: nuget-github, at url: https://nuget.pkg.github.com/BatelT/index.json. HTTP STATUS CODE: 404
2020-02-18 16:45:16,555 [http-nio-8081-exec-6] [ERROR] (o.a.a.n.r.NuGetV3VirtualAndRemoteCommon:458) - Parsed feed is null, in repo: nuget-github
2020-02-18 16:45:16,573 [http-nio-8081-exec-4] [ERROR] (o.a.a.n.r.NuGetV3VirtualAndRemoteCommon:243) - Failed to download resource in repo: nuget-github, at url: https://nuget.pkg.github.com/BatelT/index.json. HTTP STATUS CODE: 404
2020-02-18 16:45:16,574 [http-nio-8081-exec-4] [ERROR] (o.a.a.n.r.NuGetV3VirtualAndRemoteCommon:458) - Parsed feed is null, in repo: nuget-github
2020-02-18 16:45:16,581 [http-nio-8081-exec-5] [ERROR] (o.a.a.n.r.NuGetV3VirtualAndRemoteCommon:243) - Failed to download resource in repo: nuget-github, at url: https://nuget.pkg.github.com/BatelT/index.json. HTTP STATUS CODE: 404
2020-02-18 16:45:16,582 [http-nio-8081-exec-5] [ERROR] (o.a.a.n.r.NuGetV3VirtualAndRemoteCommon:458) - Parsed feed is null, in repo: nuget-github
2020-02-18 16:45:50,454 [art-exec-177] [INFO ] (o.a.a.r.b.c.ReleaseBundleCleanupServiceImpl:82) - Starting to cleanup incomplete Release Bundles
2020-02-18 16:45:50,456 [art-exec-177] [INFO ] (o.a.a.r.b.c.ReleaseBundleCleanupServiceImpl:88) - Finished incomplete Release Bundles cleanup
2020-02-18 16:46:01,170 [art-exec-156] [INFO ] (o.a.e.EventsLogCleanUpService:53) - Starting cleanup of old events from event log
2020-02-18 16:46:01,192 [art-exec-156] [INFO ] (o.a.e.EventsLogCleanUpService:74) - Cleanup of old events from event log finished
2020-02-18 16:50:14,677 [http-nio-8081-exec-1] [INFO ] (o.a.u.r.s.a.c.r.UpdateRepositoryConfigService:64) - Updating repository nuget-github
2020-02-18 16:50:14,696 [http-nio-8081-exec-1] [INFO ] (o.a.c.CentralConfigServiceImpl:620) - Reloading configuration... old revision 8, new revision 9
2020-02-18 16:50:14,750 [http-nio-8081-exec-1] [INFO ] (o.a.c.CentralConfigServiceImpl:379) - New configuration with revision 9 saved.
2020-02-18 16:50:14,751 [http-nio-8081-exec-1] [INFO ] (o.a.s.ArtifactoryApplicationContext:519) - Artifactory application context set to NOT READY by reload
2020-02-18 16:50:14,887 [http-nio-8081-exec-1] [INFO ] (o.a.s.BaseTaskServiceDescriptorHandler:51) - No Replication configured. Replication is disabled.
2020-02-18 16:50:14,899 [http-nio-8081-exec-1] [INFO ] (o.a.s.ArtifactoryApplicationContext:519) - Artifactory application context set to READY by reload
2020-02-18 16:50:14,899 [http-nio-8081-exec-1] [INFO ] (o.a.c.CentralConfigServiceImpl:638) - Configuration reloaded.
2020-02-18 16:50:33,693 [http-nio-8081-exec-6] [INFO ] (o.a.r.HttpRepo      :470) - nuget-github downloading https://nuget.pkg.github.com/BatelT/index.json 1.50 KB 
2020-02-18 16:50:33,851 [http-nio-8081-exec-6] [INFO ] (o.a.r.HttpRepo      :483) - nuget-github downloaded  https://nuget.pkg.github.com/BatelT/index.json 1.50 KB at 9.96 KB/sec
2020-02-18 16:50:35,245 [http-nio-8081-exec-3] [INFO ] (o.a.r.HttpRepo      :470) - nuget-github downloading https://nuget.pkg.github.com/BatelT/octocatapp/index.json 759 bytes 
2020-02-18 16:50:35,262 [http-nio-8081-exec-3] [INFO ] (o.a.r.HttpRepo      :483) - nuget-github downloaded  https://nuget.pkg.github.com/BatelT/octocatapp/index.json 759 bytes at 45.44 KB/sec
2020-02-18 16:50:35,314 [http-nio-8081-exec-3] [ERROR] (o.a.a.n.r.NuGetV3VirtualAndRemoteCommon:124) - Failed to parse registration for repo: nuget-github, packageId: octocatapp
org.jfrog.common.JsonParsingException: com.fasterxml.jackson.databind.exc.MismatchedInputException: Cannot deserialize instance of `java.util.ArrayList` out of VALUE_STRING token
 at [Source: (String)"{"count":1,"items":[{"@id":"https://nuget.pkg.github.com/BatelT/OctocatApp/index.json","lower":"1.0.0","upper":"1.0.0","count":1,"items":[{"@id":"https://nuget.pkg.github.com/BatelT/OctocatApp/1.0.0.json","packageContent":"https://nuget.pkg.github.com/BatelT/download/OctocatApp/1.0.0/OctocatApp.1.0.0.nupkg","catalogEntry":{"@id":"https://nuget.pkg.github.com/BatelT/OctocatApp/1.0.0.json","authors":"Octocat","copyright":"","dependencyGroups":[],"description":"This package adds an Octocat!","iconU"[truncated 259 chars]; line: 1, column: 734] (through reference chain: org.jfrog.repomd.nugetv3.model.RegistrationResult["items"]->java.util.ArrayList[0]->org.jfrog.repomd.nugetv3.model.RegistrationResultItem["items"]->java.util.ArrayList[0]->org.jfrog.repomd.nugetv3.model.RegistrationResultPageItem["catalogEntry"]->org.jfrog.repomd.nugetv3.model.RegistrationResultCatalogEntry["tags"])
	at org.jfrog.common.MapperUtilsBase.unchecked(MapperUtilsBase.java:238)
	at org.jfrog.common.MapperUtilsBase.readValue(MapperUtilsBase.java:120)
	at org.jfrog.common.JsonUtils.readValue(JsonUtils.java:27)
	at org.artifactory.addon.nugetv3.repo.NuGetV3VirtualAndRemoteCommon.downloadRemoteRegistration(NuGetV3VirtualAndRemoteCommon.java:120)
	at org.artifactory.addon.nugetv3.repo.NuGetV3RemoteRepoHandler.registration(NuGetV3RemoteRepoHandler.java:72)
	at org.jfrog.repomd.nugetv3.rest.NuGetV3SubResource.registration(NuGetV3SubResource.java:50)
	at sun.reflect.NativeMethodAccessorImpl.invoke0(Native Method)
	at sun.reflect.NativeMethodAccessorImpl.invoke(NativeMethodAccessorImpl.java:62)
	at sun.reflect.DelegatingMethodAccessorImpl.invoke(DelegatingMethodAccessorImpl.java:43)
	at java.lang.reflect.Method.invoke(Method.java:498)
	at org.glassfish.jersey.server.model.internal.ResourceMethodInvocationHandlerFactory.lambda$static$0(ResourceMethodInvocationHandlerFactory.java:76)
	at org.glassfish.jersey.server.model.internal.AbstractJavaResourceMethodDispatcher$1.run(AbstractJavaResourceMethodDispatcher.java:148)
	at org.glassfish.jersey.server.model.internal.AbstractJavaResourceMethodDispatcher.invoke(AbstractJavaResourceMethodDispatcher.java:191)
	at org.glassfish.jersey.server.model.internal.JavaResourceMethodDispatcherProvider$ResponseOutInvoker.doDispatch(JavaResourceMethodDispatcherProvider.java:200)
	at org.glassfish.jersey.server.model.internal.AbstractJavaResourceMethodDispatcher.dispatch(AbstractJavaResourceMethodDispatcher.java:103)
	at org.glassfish.jersey.server.model.ResourceMethodInvoker.invoke(ResourceMethodInvoker.java:493)
	at org.glassfish.jersey.server.model.ResourceMethodInvoker.apply(ResourceMethodInvoker.java:415)
	at org.glassfish.jersey.server.model.ResourceMethodInvoker.apply(ResourceMethodInvoker.java:104)
	at org.glassfish.jersey.server.ServerRuntime$1.run(ServerRuntime.java:277)
	at org.glassfish.jersey.internal.Errors$1.call(Errors.java:272)
	at org.glassfish.jersey.internal.Errors$1.call(Errors.java:268)
	at org.glassfish.jersey.internal.Errors.process(Errors.java:316)
	at org.glassfish.jersey.internal.Errors.process(Errors.java:298)
	at org.glassfish.jersey.internal.Errors.process(Errors.java:268)
	at org.glassfish.jersey.process.internal.RequestScope.runInScope(RequestScope.java:289)
	at org.glassfish.jersey.server.ServerRuntime.process(ServerRuntime.java:256)
	at org.glassfish.jersey.server.ApplicationHandler.handle(ApplicationHandler.java:703)
	at org.glassfish.jersey.servlet.WebComponent.serviceImpl(WebComponent.java:416)
	at org.glassfish.jersey.servlet.WebComponent.service(WebComponent.java:370)
	at org.glassfish.jersey.servlet.ServletContainer.service(ServletContainer.java:389)
	at org.glassfish.jersey.servlet.ServletContainer.service(ServletContainer.java:342)
	at org.glassfish.jersey.servlet.ServletContainer.service(ServletContainer.java:229)
	at org.apache.catalina.core.ApplicationFilterChain.internalDoFilter(ApplicationFilterChain.java:231)
	at org.apache.catalina.core.ApplicationFilterChain.doFilter(ApplicationFilterChain.java:166)
	at org.artifactory.webapp.servlet.RepoFilter.execute(RepoFilter.java:191)
	at org.artifactory.webapp.servlet.RepoFilter.doFilter(RepoFilter.java:97)
	at org.apache.catalina.core.ApplicationFilterChain.internalDoFilter(ApplicationFilterChain.java:193)
	at org.apache.catalina.core.ApplicationFilterChain.doFilter(ApplicationFilterChain.java:166)
	at org.artifactory.webapp.servlet.AccessFilter.useAuthentication(AccessFilter.java:427)
	at org.artifactory.webapp.servlet.AccessFilter.authenticateAndExecute(AccessFilter.java:305)
	at org.artifactory.webapp.servlet.AccessFilter.doFilterInternal(AccessFilter.java:208)
	at org.artifactory.webapp.servlet.AccessFilter.doFilter(AccessFilter.java:167)
	at org.apache.catalina.core.ApplicationFilterChain.internalDoFilter(ApplicationFilterChain.java:193)
	at org.apache.catalina.core.ApplicationFilterChain.doFilter(ApplicationFilterChain.java:166)
	at org.artifactory.webapp.servlet.RequestFilter.doFilter(RequestFilter.java:77)
	at org.apache.catalina.core.ApplicationFilterChain.internalDoFilter(ApplicationFilterChain.java:193)
	at org.apache.catalina.core.ApplicationFilterChain.doFilter(ApplicationFilterChain.java:166)
	at org.artifactory.webapp.servlet.ArtifactoryCsrfFilter.doFilter(ArtifactoryCsrfFilter.java:75)
	at org.apache.catalina.core.ApplicationFilterChain.internalDoFilter(ApplicationFilterChain.java:193)
	at org.apache.catalina.core.ApplicationFilterChain.doFilter(ApplicationFilterChain.java:166)
	at org.springframework.session.web.http.SessionRepositoryFilter.doFilterInternal(SessionRepositoryFilter.java:164)
	at org.springframework.session.web.http.OncePerRequestFilter.doFilter(OncePerRequestFilter.java:80)
	at org.artifactory.webapp.servlet.SessionFilter.doFilter(SessionFilter.java:62)
	at org.apache.catalina.core.ApplicationFilterChain.internalDoFilter(ApplicationFilterChain.java:193)
	at org.apache.catalina.core.ApplicationFilterChain.doFilter(ApplicationFilterChain.java:166)
	at org.artifactory.webapp.servlet.ArtifactoryFilter.doFilter(ArtifactoryFilter.java:124)
	at org.apache.catalina.core.ApplicationFilterChain.internalDoFilter(ApplicationFilterChain.java:193)
	at org.apache.catalina.core.ApplicationFilterChain.doFilter(ApplicationFilterChain.java:166)
	at org.apache.catalina.core.StandardWrapperValve.invoke(StandardWrapperValve.java:199)
	at org.apache.catalina.core.StandardContextValve.invoke(StandardContextValve.java:96)
	at org.apache.catalina.authenticator.AuthenticatorBase.invoke(AuthenticatorBase.java:493)
	at org.apache.catalina.valves.rewrite.RewriteValve.invoke(RewriteValve.java:304)
	at org.apache.catalina.core.StandardHostValve.invoke(StandardHostValve.java:137)
	at org.apache.catalina.valves.ErrorReportValve.invoke(ErrorReportValve.java:81)
	at org.apache.catalina.core.StandardEngineValve.invoke(StandardEngineValve.java:87)
	at org.apache.catalina.connector.CoyoteAdapter.service(CoyoteAdapter.java:343)
	at org.apache.coyote.http11.Http11Processor.service(Http11Processor.java:798)
	at org.apache.coyote.AbstractProcessorLight.process(AbstractProcessorLight.java:66)
	at org.apache.coyote.AbstractProtocol$ConnectionHandler.process(AbstractProtocol.java:808)
	at org.apache.tomcat.util.net.NioEndpoint$SocketProcessor.doRun(NioEndpoint.java:1498)
	at org.apache.tomcat.util.net.SocketProcessorBase.run(SocketProcessorBase.java:49)
	at java.util.concurrent.ThreadPoolExecutor.runWorker(ThreadPoolExecutor.java:1149)
	at java.util.concurrent.ThreadPoolExecutor$Worker.run(ThreadPoolExecutor.java:624)
	at org.apache.tomcat.util.threads.TaskThread$WrappingRunnable.run(TaskThread.java:61)
	at java.lang.Thread.run(Thread.java:748)
Caused by: com.fasterxml.jackson.databind.exc.MismatchedInputException: Cannot deserialize instance of `java.util.ArrayList` out of VALUE_STRING token
 at [Source: (String)"{"count":1,"items":[{"@id":"https://nuget.pkg.github.com/BatelT/OctocatApp/index.json","lower":"1.0.0","upper":"1.0.0","count":1,"items":[{"@id":"https://nuget.pkg.github.com/BatelT/OctocatApp/1.0.0.json","packageContent":"https://nuget.pkg.github.com/BatelT/download/OctocatApp/1.0.0/OctocatApp.1.0.0.nupkg","catalogEntry":{"@id":"https://nuget.pkg.github.com/BatelT/OctocatApp/1.0.0.json","authors":"Octocat","copyright":"","dependencyGroups":[],"description":"This package adds an Octocat!","iconU"[truncated 259 chars]; line: 1, column: 734] (through reference chain: org.jfrog.repomd.nugetv3.model.RegistrationResult["items"]->java.util.ArrayList[0]->org.jfrog.repomd.nugetv3.model.RegistrationResultItem["items"]->java.util.ArrayList[0]->org.jfrog.repomd.nugetv3.model.RegistrationResultPageItem["catalogEntry"]->org.jfrog.repomd.nugetv3.model.RegistrationResultCatalogEntry["tags"])
	at com.fasterxml.jackson.databind.exc.MismatchedInputException.from(MismatchedInputException.java:63)
	at com.fasterxml.jackson.databind.DeserializationContext.reportInputMismatch(DeserializationContext.java:1343)
	at com.fasterxml.jackson.databind.DeserializationContext.handleUnexpectedToken(DeserializationContext.java:1139)
	at com.fasterxml.jackson.databind.DeserializationContext.handleUnexpectedToken(DeserializationContext.java:1093)
	at com.fasterxml.jackson.databind.deser.std.StringCollectionDeserializer.handleNonArray(StringCollectionDeserializer.java:270)
	at com.fasterxml.jackson.databind.deser.std.StringCollectionDeserializer.deserialize(StringCollectionDeserializer.java:183)
	at com.fasterxml.jackson.databind.deser.std.StringCollectionDeserializer.deserialize(StringCollectionDeserializer.java:173)
	at com.fasterxml.jackson.databind.deser.std.StringCollectionDeserializer.deserialize(StringCollectionDeserializer.java:21)
	at com.fasterxml.jackson.databind.deser.impl.MethodProperty.deserializeAndSet(MethodProperty.java:129)
	at com.fasterxml.jackson.databind.deser.BeanDeserializer.vanillaDeserialize(BeanDeserializer.java:288)
	at com.fasterxml.jackson.databind.deser.BeanDeserializer.deserialize(BeanDeserializer.java:151)
	at com.fasterxml.jackson.databind.deser.impl.MethodProperty.deserializeAndSet(MethodProperty.java:129)
	at com.fasterxml.jackson.databind.deser.BeanDeserializer.vanillaDeserialize(BeanDeserializer.java:288)
	at com.fasterxml.jackson.databind.deser.BeanDeserializer.deserialize(BeanDeserializer.java:151)
	at com.fasterxml.jackson.databind.deser.std.CollectionDeserializer.deserialize(CollectionDeserializer.java:286)
	at com.fasterxml.jackson.databind.deser.std.CollectionDeserializer.deserialize(CollectionDeserializer.java:245)
	at com.fasterxml.jackson.databind.deser.std.CollectionDeserializer.deserialize(CollectionDeserializer.java:27)
	at com.fasterxml.jackson.databind.deser.impl.MethodProperty.deserializeAndSet(MethodProperty.java:129)
	at com.fasterxml.jackson.databind.deser.BeanDeserializer.vanillaDeserialize(BeanDeserializer.java:288)
	at com.fasterxml.jackson.databind.deser.BeanDeserializer.deserialize(BeanDeserializer.java:151)
	at com.fasterxml.jackson.databind.deser.std.CollectionDeserializer.deserialize(CollectionDeserializer.java:286)
	at com.fasterxml.jackson.databind.deser.std.CollectionDeserializer.deserialize(CollectionDeserializer.java:245)
	at com.fasterxml.jackson.databind.deser.std.CollectionDeserializer.deserialize(CollectionDeserializer.java:27)
	at com.fasterxml.jackson.databind.deser.impl.MethodProperty.deserializeAndSet(MethodProperty.java:129)
	at com.fasterxml.jackson.databind.deser.BeanDeserializer.vanillaDeserialize(BeanDeserializer.java:288)
	at com.fasterxml.jackson.databind.deser.BeanDeserializer.deserialize(BeanDeserializer.java:151)
	at com.fasterxml.jackson.databind.ObjectMapper._readMapAndClose(ObjectMapper.java:4013)
	at com.fasterxml.jackson.databind.ObjectMapper.readValue(ObjectMapper.java:3004)
	at org.jfrog.common.MapperUtilsBase.lambda$readValue$7(MapperUtilsBase.java:120)
	at org.jfrog.common.MapperUtilsBase.unchecked(MapperUtilsBase.java:236)
	... 74 common frames omitted
2020-02-18 16:50:35,315 [http-nio-8081-exec-3] [ERROR] (o.a.a.n.r.NuGetV3VirtualAndRemoteCommon:458) - Failed to parse registration json for package: octocatapp, in repo: nuget-github
2020-02-18 16:56:18,335 [http-nio-8081-exec-8] [ERROR] (o.a.a.n.r.NuGetV3VirtualAndRemoteCommon:243) - Failed to download resource in repo: nuget-github, at url: https://nuget.pkg.github.com/BatelT/octocatapp:latest/index.json. HTTP STATUS CODE: 404
2020-02-18 16:56:18,341 [http-nio-8081-exec-8] [ERROR] (o.a.a.n.r.NuGetV3VirtualAndRemoteCommon:458) - Failed to parse registration json for package: octocatapp:latest, in repo: nuget-github
