[2020-04-06 10:49:09] Beginning of log
[2020-04-06 10:49:09] Loading the create operation for prestashop (1.7.5.1, stable)...
[2020-04-06 10:49:09] Fallback log file ready
[2020-04-06 10:49:09] Pre-run checks successfully executed. We are in the user's directory (/homez.251/doemoshomg)
[2020-04-06 10:49:09] Will now fork for asymmetric operations...
[2020-04-06 10:49:09] Process forked. Starting the operations...
[2020-04-06 10:49:09] Starting 'create'...
[2020-04-06 10:49:09] Starting the creation of the temporary directory...
Cannot change ownership of OVH_TMPCACHE_2020-04-06at10.49.09.0-488 to :: Operation not permitted at /usr/local/ovh_libs/perl/common.pm line 935.
Cannot change ownership of OVH_TMPCACHE_2020-04-06at10.49.09.0-488/old to :: Operation not permitted at /usr/local/ovh_libs/perl/common.pm line 935.
[2020-04-06 10:49:09] Temporary directory successfully created.
[2020-04-06 10:49:09] Probing the server for the archive size...
[2020-04-06 10:49:09] The archive size is 64333862 bytes and there is 8686979808 bytes remaining in the directory
[2020-04-06 10:49:09] Starting fetching prestashop 1.7.5.1 (stable) from the repository...
[2020-04-06 10:49:13] The module has been successfully downloaded
[2020-04-06 10:49:13] The language-specific module files archive is not available, using the default one
[2020-04-06 10:49:13] Starting loading the module's configuration...
[2020-04-06 10:49:13] Module's configuration loaded, the dependencies keywords will now be processed...
[2020-04-06 10:49:13] Standard keywords are about to be processed...
[2020-04-06 10:49:13] The keyword 'OVH_DB_PASSWORD' has already been parsed, looping to the next one...
[2020-04-06 10:49:13] The keyword 'OVH_DB_NAME' has already been parsed, looping to the next one...
[2020-04-06 10:49:13] Keyword 'OVH_USER_LASTNAME' is now 'TENNERONI'
[2020-04-06 10:49:13] The value for the non-compulsory keyword 'OVH_MODULE_URL' can't be found
[2020-04-06 10:49:13] Keyword 'OVH_MODULE_URL' is now ''
[2020-04-06 10:49:13] Keyword 'OVH_DOMAIN' is now 'www.dm-tu.com'
[2020-04-06 10:49:13] Generating a 4 characters long 'int' value...
[2020-04-06 10:49:13] Value '8660' generated
[2020-04-06 10:49:13] Keyword 'OVH_MODULE_ADMIN_PATH' is now 'admin8660'
[2020-04-06 10:49:13] The keyword 'OVH_DB_USER' has already been parsed, looping to the next one...
[2020-04-06 10:49:13] Keyword 'OVH_ADMIN_EMAIL' is now 'direction@doemo.fr'
[2020-04-06 10:49:13] Keyword 'OVH_LANG_SHORT' is now 'fr'
[2020-04-06 10:49:13] The keyword 'OVH_DB_PORT' has already been parsed, looping to the next one...
[2020-04-06 10:49:13] Keyword 'OVH_COUNTRY' is now 'fr'
[2020-04-06 10:49:13] Keyword 'OVH_MODULE_ADMIN_NAME' is now 'direction@doemo.fr'
[2020-04-06 10:49:13] Keyword 'OVH_TIMEZONE' is now 'Europe/Paris'
[2020-04-06 10:49:13] Keyword 'OVH_OLD_ADMIN_FOLDER' is now 'admin'
[2020-04-06 10:49:13] Keyword 'OVH_USER_FIRSTNAME' is now 'Steve'
[2020-04-06 10:49:13] The keyword 'OVH_DB_SERVER' has already been parsed, looping to the next one...
[2020-04-06 10:49:13] Keyword 'OVH_ADMIN_PASSWORD' is set
[2020-04-06 10:49:13] The keyword 'OVH_DB_PREFIX' has already been parsed, looping to the next one...
[2020-04-06 10:49:13] Keyword 'OVH_MODULE_FOLDER' is now './'
[2020-04-06 10:49:13] Keyword 'OVH_USER_PATH' is now '/homez.251/doemoshomg'
[2020-04-06 10:49:13] Module's configuration successfully loaded and computed
[2020-04-06 10:49:13] Checking the dependencies connections...
[2020-04-06 10:49:13] Checking dependency mysql...
DBI connect('database=doemoshomg354;host=doemoshomg354.mysql.db;port=3306','doemoshomg354',...) failed: Access denied for user 'doemoshomg354'@'10.8.121.16' (using password: YES) at /usr/local/modules/bin/dependencies/mysql.pm line 404.
[2020-04-06 10:49:13] Starting callback because of: Can't connect to database 'doemoshomg354' at 'doemoshomg354.mysql.db'. The error is: Access denied for user 'doemoshomg354'@'10.8.121.16' (using password: YES)
[2020-04-06 10:49:13] The script has failed
[2020-04-06 10:49:13] Trying to restore everything...
[2020-04-06 10:49:13] Everything should have been restored
[2020-04-06 10:49:13] Building POST request to the callback system...
[2020-04-06 10:49:13] End of callback log
[2020-04-06 10:49:13] Get events config from /etc/ovh-event/moduleCredentials.json
[2020-04-06 10:49:13] Decode events config
[2020-04-06 10:49:13] Check events config
[2020-04-06 10:49:13] Prepare and sign request
[2020-04-06 10:49:13] Send request (attempt 1)
[2020-04-06 10:49:19] Send request (attempt 2)
[2020-04-06 10:49:31] Send request (attempt 3)
[2020-04-06 10:49:47] Send request (attempt 4)
[2020-04-06 10:50:08] Send request (attempt 5)
[2020-04-06 10:50:34] Can't send the POST request to the callback system because of 'Can't connect to 'http://prod.gra1.api-event.webhosting.lb.gra-1.containers.ovh.net' because of '504 Gateway Timeout''
[2020-04-06 10:50:34] Starting deletion of the temporary directory...
[2020-04-06 10:50:34] Temporary directory successfully removed
[2020-04-06 10:50:34] End of log
